#
# There is insufficient memory for the Java Runtime Environment to continue.
# Native memory allocation (malloc) failed to allocate 2442368 bytes for Chunk::new
# Possible reasons:
#   The system is out of physical RAM or swap space
#   The process is running with CompressedOops enabled, and the Java Heap may be blocking the growth of the native heap
# Possible solutions:
#   Reduce memory load on the system
#   Increase physical memory or swap space
#   Check if swap backing store is full
#   Decrease Java heap size (-Xmx/-Xms)
#   Decrease number of Java threads
#   Decrease Java thread stack sizes (-Xss)
#   Set larger code cache with -XX:ReservedCodeCacheSize=
#   JVM is running with Zero Based Compressed Oops mode in which the Java heap is
#     placed in the first 32GB address space. The Java Heap base address is the
#     maximum limit for the native heap growth. Please use -XX:HeapBaseMinAddress
#     to set the Java Heap base and to place the Java Heap above 32GB virtual address.
# This output file may be truncated or incomplete.
#
#  Out of Memory Error (arena.cpp:189), pid=9756, tid=25464
#
# JRE version: Java(TM) SE Runtime Environment (17.0.2+8) (build 17.0.2+8-LTS-86)
# Java VM: Java HotSpot(TM) 64-Bit Server VM (17.0.2+8-LTS-86, mixed mode, sharing, tiered, compressed oops, compressed class ptrs, g1 gc, windows-amd64)
# No core dump will be written. Minidumps are not enabled by default on client versions of Windows
#

---------------  S U M M A R Y ------------

Command Line: -agentlib:jdwp=transport=dt_socket,address=127.0.0.1:52706,suspend=y,server=n -Dfile.encoding=UTF-8 net.tiklab.postin.PostInApplication

Host: 11th Gen Intel(R) Core(TM) i5-11400 @ 2.60GHz, 12 cores, 15G,  Windows 11 , 64 bit Build 22000 (10.0.22000.1219)
Time: Thu Dec 15 20:19:36 2022  Windows 11 , 64 bit Build 22000 (10.0.22000.1219) elapsed time: 312.217732 seconds (0d 0h 5m 12s)

---------------  T H R E A D  ---------------

Current thread (0x000001edff29d110):  JavaThread "C2 CompilerThread0" daemon [_thread_in_native, id=25464, stack(0x00000041c2500000,0x00000041c2600000)]


Current CompileTask:
C2: 312217 10439       4       org.springframework.core.annotation.TypeMappedAnnotations::scan (62 bytes)

Stack: [0x00000041c2500000,0x00000041c2600000]
Native frames: (J=compiled Java code, j=interpreted, Vv=VM code, C=native code)
V  [jvm.dll+0x670baa]
V  [jvm.dll+0x7cfcb4]
V  [jvm.dll+0x7d145e]
V  [jvm.dll+0x7d1ac3]
V  [jvm.dll+0x242bc5]
V  [jvm.dll+0xaa57b]
V  [jvm.dll+0xaab0c]
V  [jvm.dll+0x35fd07]
V  [jvm.dll+0x1b9982]
V  [jvm.dll+0x215de9]
V  [jvm.dll+0x2150b1]
V  [jvm.dll+0x1a1bbd]
V  [jvm.dll+0x224908]
V  [jvm.dll+0x222a6c]
V  [jvm.dll+0x7859bb]
V  [jvm.dll+0x77ff7a]
V  [jvm.dll+0x66fa35]
C  [ucrtbase.dll+0x26c0c]
C  [KERNEL32.DLL+0x15550]
C  [ntdll.dll+0x485b]


---------------  P R O C E S S  ---------------

Threads class SMR info:
_java_thread_list=0x000001ed99bc9650, length=39, elements={
0x000001edff270c20, 0x000001edff2736f0, 0x000001edff28d090, 0x000001edff28fbe0,
0x000001edff290a50, 0x000001edff290580, 0x000001edff29d110, 0x000001edff29de70,
0x000001edff29e380, 0x000001edfff40f10, 0x000001edfff43fb0, 0x000001edfff444a0,
0x000001edff2900b0, 0x000001edff28df00, 0x000001edff28f710, 0x000001edff28e8a0,
0x000001ed9d582f80, 0x000001ed9d583df0, 0x000001ed9d582110, 0x000001ed9d585130,
0x000001ed9d589490, 0x000001ed9d5877b0, 0x000001ed9d587c80, 0x000001ed9d588fc0,
0x000001ed9d588150, 0x000001ed9d5872e0, 0x000001ed9d584790, 0x000001ed9d583450,
0x000001ed9d585fa0, 0x000001ed9d5842c0, 0x000001ed9d588af0, 0x000001ed9d586470,
0x000001ed9d584c60, 0x000001ed9d589960, 0x000001ed9d586940, 0x000001ed9d583920,
0x000001edff28ed70, 0x000001ed9b00dbd0, 0x000001eda1de07c0
}

Java Threads: ( => current thread )
  0x000001edff270c20 JavaThread "Reference Handler" daemon [_thread_blocked, id=17620, stack(0x00000041c1f00000,0x00000041c2000000)]
  0x000001edff2736f0 JavaThread "Finalizer" daemon [_thread_blocked, id=23308, stack(0x00000041c2000000,0x00000041c2100000)]
  0x000001edff28d090 JavaThread "Signal Dispatcher" daemon [_thread_blocked, id=17588, stack(0x00000041c2100000,0x00000041c2200000)]
  0x000001edff28fbe0 JavaThread "Attach Listener" daemon [_thread_blocked, id=2272, stack(0x00000041c2200000,0x00000041c2300000)]
  0x000001edff290a50 JavaThread "Service Thread" daemon [_thread_blocked, id=26228, stack(0x00000041c2300000,0x00000041c2400000)]
  0x000001edff290580 JavaThread "Monitor Deflation Thread" daemon [_thread_blocked, id=12408, stack(0x00000041c2400000,0x00000041c2500000)]
=>0x000001edff29d110 JavaThread "C2 CompilerThread0" daemon [_thread_in_native, id=25464, stack(0x00000041c2500000,0x00000041c2600000)]
  0x000001edff29de70 JavaThread "C1 CompilerThread0" daemon [_thread_blocked, id=24812, stack(0x00000041c2600000,0x00000041c2700000)]
  0x000001edff29e380 JavaThread "Sweeper thread" daemon [_thread_blocked, id=9472, stack(0x00000041c2700000,0x00000041c2800000)]
  0x000001edfff40f10 JavaThread "JDWP Transport Listener: dt_socket" daemon [_thread_blocked, id=21596, stack(0x00000041c2800000,0x00000041c2900000)]
  0x000001edfff43fb0 JavaThread "JDWP Event Helper Thread" daemon [_thread_blocked, id=20000, stack(0x00000041c2900000,0x00000041c2a00000)]
  0x000001edfff444a0 JavaThread "JDWP Command Reader" daemon [_thread_in_native, id=26876, stack(0x00000041c2a00000,0x00000041c2b00000)]
  0x000001edff2900b0 JavaThread "Notification Thread" daemon [_thread_blocked, id=25304, stack(0x00000041c2b00000,0x00000041c2c00000)]
  0x000001edff28df00 JavaThread "Common-Cleaner" daemon [_thread_blocked, id=11252, stack(0x00000041c2d00000,0x00000041c2e00000)]
  0x000001edff28f710 JavaThread "mysql-cj-abandoned-connection-cleanup" daemon [_thread_blocked, id=4676, stack(0x00000041c3d00000,0x00000041c3e00000)]
  0x000001edff28e8a0 JavaThread "Catalina-utility-1" [_thread_blocked, id=2444, stack(0x00000041c3e00000,0x00000041c3f00000)]
  0x000001ed9d582f80 JavaThread "Catalina-utility-2" [_thread_blocked, id=23848, stack(0x00000041c3f00000,0x00000041c4000000)]
  0x000001ed9d583df0 JavaThread "container-0" [_thread_blocked, id=20128, stack(0x00000041c4000000,0x00000041c4100000)]
  0x000001ed9d582110 JavaThread "Timer-0" daemon [_thread_blocked, id=14228, stack(0x00000041c4100000,0x00000041c4200000)]
  0x000001ed9d585130 JavaThread "http-nio-8080-Poller" daemon [_thread_in_native, id=7352, stack(0x00000041c4200000,0x00000041c4300000)]
  0x000001ed9d589490 JavaThread "http-nio-8080-Acceptor" daemon [_thread_in_native, id=26140, stack(0x00000041c4300000,0x00000041c4400000)]
  0x000001ed9d5877b0 JavaThread "DestroyJavaVM" [_thread_blocked, id=864, stack(0x00000041c1800000,0x00000041c1900000)]
  0x000001ed9d587c80 JavaThread "http-nio-8080-exec-1" daemon [_thread_blocked, id=26464, stack(0x00000041c3800000,0x00000041c3900000)]
  0x000001ed9d588fc0 JavaThread "http-nio-8080-exec-2" daemon [_thread_blocked, id=1740, stack(0x00000041c4500000,0x00000041c4600000)]
  0x000001ed9d588150 JavaThread "http-nio-8080-exec-3" daemon [_thread_blocked, id=13080, stack(0x00000041c4600000,0x00000041c4700000)]
  0x000001ed9d5872e0 JavaThread "http-nio-8080-exec-4" daemon [_thread_blocked, id=9968, stack(0x00000041c4700000,0x00000041c4800000)]
  0x000001ed9d584790 JavaThread "http-nio-8080-exec-5" daemon [_thread_blocked, id=15884, stack(0x00000041c4800000,0x00000041c4900000)]
  0x000001ed9d583450 JavaThread "http-nio-8080-exec-6" daemon [_thread_blocked, id=25212, stack(0x00000041c4900000,0x00000041c4a00000)]
  0x000001ed9d585fa0 JavaThread "http-nio-8080-exec-7" daemon [_thread_blocked, id=22772, stack(0x00000041c4a00000,0x00000041c4b00000)]
  0x000001ed9d5842c0 JavaThread "http-nio-8080-exec-8" daemon [_thread_blocked, id=19372, stack(0x00000041c4b00000,0x00000041c4c00000)]
  0x000001ed9d588af0 JavaThread "http-nio-8080-exec-9" daemon [_thread_blocked, id=23208, stack(0x00000041c4c00000,0x00000041c4d00000)]
  0x000001ed9d586470 JavaThread "http-nio-8080-exec-10" daemon [_thread_blocked, id=26592, stack(0x00000041c4d00000,0x00000041c4e00000)]
  0x000001ed9d584c60 JavaThread "MySQL Statement Cancellation Timer" daemon [_thread_blocked, id=26912, stack(0x00000041c2e00000,0x00000041c2f00000)]
  0x000001ed9d589960 JavaThread "MySQL Statement Cancellation Timer" daemon [_thread_blocked, id=22404, stack(0x00000041c4f00000,0x00000041c5000000)]
  0x000001ed9d586940 JavaThread "MySQL Statement Cancellation Timer" daemon [_thread_blocked, id=340, stack(0x00000041c5000000,0x00000041c5100000)]
  0x000001ed9d583920 JavaThread "MySQL Statement Cancellation Timer" daemon [_thread_blocked, id=22936, stack(0x00000041c5100000,0x00000041c5200000)]
  0x000001edff28ed70 JavaThread "MySQL Statement Cancellation Timer" daemon [_thread_blocked, id=16116, stack(0x00000041c1500000,0x00000041c1600000)]
  0x000001ed9b00dbd0 JavaThread "MySQL Statement Cancellation Timer" daemon [_thread_blocked, id=7512, stack(0x00000041c1600000,0x00000041c1700000)]
  0x000001eda1de07c0 JavaThread "C2 CompilerThread1" daemon [_thread_blocked, id=17988, stack(0x00000041c4e00000,0x00000041c4f00000)]

Other Threads:
  0x000001edff26aad0 VMThread "VM Thread" [stack: 0x00000041c1e00000,0x00000041c1f00000] [id=17100]
  0x000001edfff30b20 WatcherThread [stack: 0x00000041c2c00000,0x00000041c2d00000] [id=26484]
  0x000001edf31225e0 GCTaskThread "GC Thread#0" [stack: 0x00000041c1900000,0x00000041c1a00000] [id=26028]
  0x000001ed977e7d80 GCTaskThread "GC Thread#1" [stack: 0x00000041c2f00000,0x00000041c3000000] [id=25656]
  0x000001ed977e0630 GCTaskThread "GC Thread#2" [stack: 0x00000041c3000000,0x00000041c3100000] [id=868]
  0x000001ed977e08e0 GCTaskThread "GC Thread#3" [stack: 0x00000041c3100000,0x00000041c3200000] [id=23564]
  0x000001ed977d55a0 GCTaskThread "GC Thread#4" [stack: 0x00000041c3200000,0x00000041c3300000] [id=26416]
  0x000001ed977d5850 GCTaskThread "GC Thread#5" [stack: 0x00000041c3300000,0x00000041c3400000] [id=26804]
  0x000001ed978c6cb0 GCTaskThread "GC Thread#6" [stack: 0x00000041c3400000,0x00000041c3500000] [id=1248]
  0x000001ed97996f90 GCTaskThread "GC Thread#7" [stack: 0x00000041c3500000,0x00000041c3600000] [id=4312]
  0x000001ed97997240 GCTaskThread "GC Thread#8" [stack: 0x00000041c3600000,0x00000041c3700000] [id=22064]
  0x000001ed97819a00 GCTaskThread "GC Thread#9" [stack: 0x00000041c3700000,0x00000041c3800000] [id=140]
  0x000001edf3134000 ConcurrentGCThread "G1 Main Marker" [stack: 0x00000041c1a00000,0x00000041c1b00000] [id=15224]
  0x000001edf3134a80 ConcurrentGCThread "G1 Conc#0" [stack: 0x00000041c1b00000,0x00000041c1c00000] [id=12524]
  0x000001ed9abc4230 ConcurrentGCThread "G1 Conc#1" [stack: 0x00000041c3900000,0x00000041c3a00000] [id=21724]
  0x000001ed9cf15ac0 ConcurrentGCThread "G1 Conc#2" [stack: 0x00000041c3a00000,0x00000041c3b00000] [id=12284]
  0x000001edf318ec90 ConcurrentGCThread "G1 Refine#0" [stack: 0x00000041c1c00000,0x00000041c1d00000] [id=20892]
  0x000001ed97f2e340 ConcurrentGCThread "G1 Refine#1" [stack: 0x00000041c3b00000,0x00000041c3c00000] [id=8120]
  0x000001ed97f2f480 ConcurrentGCThread "G1 Refine#2" [stack: 0x00000041c3c00000,0x00000041c3d00000] [id=11464]
  0x000001edff124730 ConcurrentGCThread "G1 Service" [stack: 0x00000041c1d00000,0x00000041c1e00000] [id=10068]

Threads with active compile tasks:
C2 CompilerThread0   312242 10439       4       org.springframework.core.annotation.TypeMappedAnnotations::scan (62 bytes)

VM state: not at safepoint (normal execution)

VM Mutex/Monitor currently owned by a thread: None

Heap address: 0x0000000704400000, size: 4028 MB, Compressed Oops mode: Zero based, Oop shift amount: 3

CDS archive(s) mapped at: [0x0000000800000000-0x0000000800bc0000-0x0000000800bc0000), size 12320768, SharedBaseAddress: 0x0000000800000000, ArchiveRelocationMode: 0.
Compressed class space mapped at: 0x0000000800c00000-0x0000000840c00000, reserved size: 1073741824
Narrow klass base: 0x0000000800000000, Narrow klass shift: 0, Narrow klass range: 0x100000000

GC Precious Log:
 CPUs: 12 total, 12 available
 Memory: 16105M
 Large Page Support: Disabled
 NUMA Support: Disabled
 Compressed Oops: Enabled (Zero based)
 Heap Region Size: 2M
 Heap Min Capacity: 8M
 Heap Initial Capacity: 252M
 Heap Max Capacity: 4028M
 Pre-touch: Disabled
 Parallel Workers: 10
 Concurrent Workers: 3
 Concurrent Refinement Workers: 10
 Periodic GC: Disabled

Heap:
 garbage-first heap   total 206848K, used 96223K [0x0000000704400000, 0x0000000800000000)
  region size 2048K, 26 young (53248K), 4 survivors (8192K)
 Metaspace       used 65880K, committed 66752K, reserved 1114112K
  class space    used 7280K, committed 7744K, reserved 1048576K

Heap Regions: E=young(eden), S=young(survivor), O=old, HS=humongous(starts), HC=humongous(continues), CS=collection set, F=free, OA=open archive, CA=closed archive, TAMS=top-at-mark-start (previous, next)
|   0|0x0000000704400000, 0x0000000704600000, 0x0000000704600000|100%| O|  |TAMS 0x0000000704600000, 0x0000000704400000| Untracked 
|   1|0x0000000704600000, 0x0000000704800000, 0x0000000704800000|100%| O|  |TAMS 0x0000000704800000, 0x0000000704600000| Untracked 
|   2|0x0000000704800000, 0x0000000704a00000, 0x0000000704a00000|100%| O|  |TAMS 0x0000000704a00000, 0x0000000704800000| Untracked 
|   3|0x0000000704a00000, 0x0000000704c00000, 0x0000000704c00000|100%| O|  |TAMS 0x0000000704c00000, 0x0000000704a00000| Untracked 
|   4|0x0000000704c00000, 0x0000000704e00000, 0x0000000704e00000|100%| O|  |TAMS 0x0000000704e00000, 0x0000000704c00000| Untracked 
|   5|0x0000000704e00000, 0x0000000705000000, 0x0000000705000000|100%| O|  |TAMS 0x0000000705000000, 0x0000000704e00000| Untracked 
|   6|0x0000000705000000, 0x0000000705200000, 0x0000000705200000|100%| O|  |TAMS 0x0000000705200000, 0x0000000705000000| Untracked 
|   7|0x0000000705200000, 0x0000000705400000, 0x0000000705400000|100%| O|  |TAMS 0x0000000705400000, 0x0000000705200000| Untracked 
|   8|0x0000000705400000, 0x0000000705600000, 0x0000000705600000|100%| O|  |TAMS 0x0000000705600000, 0x0000000705400000| Untracked 
|   9|0x0000000705600000, 0x0000000705800000, 0x0000000705800000|100%| O|  |TAMS 0x0000000705800000, 0x0000000705600000| Untracked 
|  10|0x0000000705800000, 0x0000000705a00000, 0x0000000705a00000|100%| O|  |TAMS 0x0000000705a00000, 0x0000000705800000| Untracked 
|  11|0x0000000705a00000, 0x0000000705c00000, 0x0000000705c00000|100%| O|  |TAMS 0x0000000705c00000, 0x0000000705a00000| Untracked 
|  12|0x0000000705c00000, 0x0000000705e00000, 0x0000000705e00000|100%| O|  |TAMS 0x0000000705e00000, 0x0000000705c00000| Untracked 
|  13|0x0000000705e00000, 0x0000000706000000, 0x0000000706000000|100%| O|  |TAMS 0x0000000706000000, 0x0000000705e00000| Untracked 
|  14|0x0000000706000000, 0x0000000706200000, 0x0000000706200000|100%| O|  |TAMS 0x0000000706200000, 0x0000000706000000| Untracked 
|  15|0x0000000706200000, 0x0000000706400000, 0x0000000706400000|100%| O|  |TAMS 0x0000000706400000, 0x0000000706200000| Untracked 
|  16|0x0000000706400000, 0x0000000706600000, 0x0000000706600000|100%| O|  |TAMS 0x0000000706600000, 0x0000000706400000| Untracked 
|  17|0x0000000706600000, 0x0000000706800000, 0x0000000706800000|100%| O|  |TAMS 0x0000000706800000, 0x0000000706600000| Untracked 
|  18|0x0000000706800000, 0x0000000706a00000, 0x0000000706a00000|100%| O|  |TAMS 0x0000000706947c00, 0x0000000706800000| Untracked 
|  19|0x0000000706a00000, 0x0000000706b96e00, 0x0000000706c00000| 79%| O|  |TAMS 0x0000000706a00000, 0x0000000706a00000| Untracked 
|  20|0x0000000706c00000, 0x0000000706e00000, 0x0000000706e00000|100%| O|  |TAMS 0x0000000706c00000, 0x0000000706c00000| Untracked 
|  21|0x0000000706e00000, 0x0000000707000000, 0x0000000707000000|100%| O|  |TAMS 0x0000000706e00000, 0x0000000706e00000| Untracked 
|  22|0x0000000707000000, 0x000000070718e200, 0x0000000707200000| 77%| O|  |TAMS 0x0000000707000000, 0x0000000707000000| Untracked 
|  23|0x0000000707200000, 0x0000000707200000, 0x0000000707400000|  0%| F|  |TAMS 0x0000000707200000, 0x0000000707200000| Untracked 
|  24|0x0000000707400000, 0x0000000707400000, 0x0000000707600000|  0%| F|  |TAMS 0x0000000707400000, 0x0000000707400000| Untracked 
|  25|0x0000000707600000, 0x0000000707600000, 0x0000000707800000|  0%| F|  |TAMS 0x0000000707600000, 0x0000000707600000| Untracked 
|  26|0x0000000707800000, 0x0000000707800000, 0x0000000707a00000|  0%| F|  |TAMS 0x0000000707800000, 0x0000000707800000| Untracked 
|  27|0x0000000707a00000, 0x0000000707a00000, 0x0000000707c00000|  0%| F|  |TAMS 0x0000000707a00000, 0x0000000707a00000| Untracked 
|  28|0x0000000707c00000, 0x0000000707c00000, 0x0000000707e00000|  0%| F|  |TAMS 0x0000000707c00000, 0x0000000707c00000| Untracked 
|  29|0x0000000707e00000, 0x0000000707e00000, 0x0000000708000000|  0%| F|  |TAMS 0x0000000707e00000, 0x0000000707e00000| Untracked 
|  30|0x0000000708000000, 0x0000000708000000, 0x0000000708200000|  0%| F|  |TAMS 0x0000000708000000, 0x0000000708000000| Untracked 
|  31|0x0000000708200000, 0x0000000708200000, 0x0000000708400000|  0%| F|  |TAMS 0x0000000708200000, 0x0000000708200000| Untracked 
|  32|0x0000000708400000, 0x0000000708400000, 0x0000000708600000|  0%| F|  |TAMS 0x0000000708400000, 0x0000000708400000| Untracked 
|  33|0x0000000708600000, 0x0000000708600000, 0x0000000708800000|  0%| F|  |TAMS 0x0000000708600000, 0x0000000708600000| Untracked 
|  34|0x0000000708800000, 0x0000000708800000, 0x0000000708a00000|  0%| F|  |TAMS 0x0000000708800000, 0x0000000708800000| Untracked 
|  35|0x0000000708a00000, 0x0000000708a00000, 0x0000000708c00000|  0%| F|  |TAMS 0x0000000708a00000, 0x0000000708a00000| Untracked 
|  36|0x0000000708c00000, 0x0000000708c00000, 0x0000000708e00000|  0%| F|  |TAMS 0x0000000708c00000, 0x0000000708c00000| Untracked 
|  37|0x0000000708e00000, 0x0000000708ed2d50, 0x0000000709000000| 41%| S|CS|TAMS 0x0000000708e00000, 0x0000000708e00000| Complete 
|  38|0x0000000709000000, 0x0000000709200000, 0x0000000709200000|100%| S|CS|TAMS 0x0000000709000000, 0x0000000709000000| Complete 
|  39|0x0000000709200000, 0x0000000709400000, 0x0000000709400000|100%| S|CS|TAMS 0x0000000709200000, 0x0000000709200000| Complete 
|  40|0x0000000709400000, 0x0000000709600000, 0x0000000709600000|100%| S|CS|TAMS 0x0000000709400000, 0x0000000709400000| Complete 
|  41|0x0000000709600000, 0x0000000709600000, 0x0000000709800000|  0%| F|  |TAMS 0x0000000709600000, 0x0000000709600000| Untracked 
|  42|0x0000000709800000, 0x0000000709800000, 0x0000000709a00000|  0%| F|  |TAMS 0x0000000709800000, 0x0000000709800000| Untracked 
|  43|0x0000000709a00000, 0x0000000709a00000, 0x0000000709c00000|  0%| F|  |TAMS 0x0000000709a00000, 0x0000000709a00000| Untracked 
|  44|0x0000000709c00000, 0x0000000709c00000, 0x0000000709e00000|  0%| F|  |TAMS 0x0000000709c00000, 0x0000000709c00000| Untracked 
|  45|0x0000000709e00000, 0x0000000709e00000, 0x000000070a000000|  0%| F|  |TAMS 0x0000000709e00000, 0x0000000709e00000| Untracked 
|  46|0x000000070a000000, 0x000000070a000000, 0x000000070a200000|  0%| F|  |TAMS 0x000000070a000000, 0x000000070a000000| Untracked 
|  47|0x000000070a200000, 0x000000070a200000, 0x000000070a400000|  0%| F|  |TAMS 0x000000070a200000, 0x000000070a200000| Untracked 
|  48|0x000000070a400000, 0x000000070a400000, 0x000000070a600000|  0%| F|  |TAMS 0x000000070a400000, 0x000000070a400000| Untracked 
|  49|0x000000070a600000, 0x000000070a600000, 0x000000070a800000|  0%| F|  |TAMS 0x000000070a600000, 0x000000070a600000| Untracked 
|  50|0x000000070a800000, 0x000000070a800000, 0x000000070aa00000|  0%| F|  |TAMS 0x000000070a800000, 0x000000070a800000| Untracked 
|  51|0x000000070aa00000, 0x000000070aa00000, 0x000000070ac00000|  0%| F|  |TAMS 0x000000070aa00000, 0x000000070aa00000| Untracked 
|  52|0x000000070ac00000, 0x000000070ac00000, 0x000000070ae00000|  0%| F|  |TAMS 0x000000070ac00000, 0x000000070ac00000| Untracked 
|  53|0x000000070ae00000, 0x000000070ae00000, 0x000000070b000000|  0%| F|  |TAMS 0x000000070ae00000, 0x000000070ae00000| Untracked 
|  54|0x000000070b000000, 0x000000070b000000, 0x000000070b200000|  0%| F|  |TAMS 0x000000070b000000, 0x000000070b000000| Untracked 
|  55|0x000000070b200000, 0x000000070b200000, 0x000000070b400000|  0%| F|  |TAMS 0x000000070b200000, 0x000000070b200000| Untracked 
|  56|0x000000070b400000, 0x000000070b400000, 0x000000070b600000|  0%| F|  |TAMS 0x000000070b400000, 0x000000070b400000| Untracked 
|  57|0x000000070b600000, 0x000000070b600000, 0x000000070b800000|  0%| F|  |TAMS 0x000000070b600000, 0x000000070b600000| Untracked 
|  58|0x000000070b800000, 0x000000070b800000, 0x000000070ba00000|  0%| F|  |TAMS 0x000000070b800000, 0x000000070b800000| Untracked 
|  59|0x000000070ba00000, 0x000000070ba00000, 0x000000070bc00000|  0%| F|  |TAMS 0x000000070ba00000, 0x000000070ba00000| Untracked 
|  60|0x000000070bc00000, 0x000000070bc00000, 0x000000070be00000|  0%| F|  |TAMS 0x000000070bc00000, 0x000000070bc00000| Untracked 
|  61|0x000000070be00000, 0x000000070be00000, 0x000000070c000000|  0%| F|  |TAMS 0x000000070be00000, 0x000000070be00000| Untracked 
|  62|0x000000070c000000, 0x000000070c000000, 0x000000070c200000|  0%| F|  |TAMS 0x000000070c000000, 0x000000070c000000| Untracked 
|  63|0x000000070c200000, 0x000000070c200000, 0x000000070c400000|  0%| F|  |TAMS 0x000000070c200000, 0x000000070c200000| Untracked 
|  64|0x000000070c400000, 0x000000070c400000, 0x000000070c600000|  0%| F|  |TAMS 0x000000070c400000, 0x000000070c400000| Untracked 
|  65|0x000000070c600000, 0x000000070c600000, 0x000000070c800000|  0%| F|  |TAMS 0x000000070c600000, 0x000000070c600000| Untracked 
|  66|0x000000070c800000, 0x000000070c800000, 0x000000070ca00000|  0%| F|  |TAMS 0x000000070c800000, 0x000000070c800000| Untracked 
|  67|0x000000070ca00000, 0x000000070ca00000, 0x000000070cc00000|  0%| F|  |TAMS 0x000000070ca00000, 0x000000070ca00000| Untracked 
|  68|0x000000070cc00000, 0x000000070cc00000, 0x000000070ce00000|  0%| F|  |TAMS 0x000000070cc00000, 0x000000070cc00000| Untracked 
|  69|0x000000070ce00000, 0x000000070ce00000, 0x000000070d000000|  0%| F|  |TAMS 0x000000070ce00000, 0x000000070ce00000| Untracked 
|  70|0x000000070d000000, 0x000000070d000000, 0x000000070d200000|  0%| F|  |TAMS 0x000000070d000000, 0x000000070d000000| Untracked 
|  71|0x000000070d200000, 0x000000070d200000, 0x000000070d400000|  0%| F|  |TAMS 0x000000070d200000, 0x000000070d200000| Untracked 
|  72|0x000000070d400000, 0x000000070d400000, 0x000000070d600000|  0%| F|  |TAMS 0x000000070d400000, 0x000000070d400000| Untracked 
|  73|0x000000070d600000, 0x000000070d600000, 0x000000070d800000|  0%| F|  |TAMS 0x000000070d600000, 0x000000070d600000| Untracked 
|  74|0x000000070d800000, 0x000000070d800000, 0x000000070da00000|  0%| F|  |TAMS 0x000000070d800000, 0x000000070d800000| Untracked 
|  75|0x000000070da00000, 0x000000070da00000, 0x000000070dc00000|  0%| F|  |TAMS 0x000000070da00000, 0x000000070da00000| Untracked 
|  76|0x000000070dc00000, 0x000000070dc00000, 0x000000070de00000|  0%| F|  |TAMS 0x000000070dc00000, 0x000000070dc00000| Untracked 
|  77|0x000000070de00000, 0x000000070de00000, 0x000000070e000000|  0%| F|  |TAMS 0x000000070de00000, 0x000000070de00000| Untracked 
|  78|0x000000070e000000, 0x000000070e000000, 0x000000070e200000|  0%| F|  |TAMS 0x000000070e000000, 0x000000070e000000| Untracked 
|  79|0x000000070e200000, 0x000000070e3b9bf0, 0x000000070e400000| 86%| E|  |TAMS 0x000000070e200000, 0x000000070e200000| Complete 
|  80|0x000000070e400000, 0x000000070e600000, 0x000000070e600000|100%| E|CS|TAMS 0x000000070e400000, 0x000000070e400000| Complete 
|  81|0x000000070e600000, 0x000000070e800000, 0x000000070e800000|100%| E|CS|TAMS 0x000000070e600000, 0x000000070e600000| Complete 
|  82|0x000000070e800000, 0x000000070ea00000, 0x000000070ea00000|100%| E|CS|TAMS 0x000000070e800000, 0x000000070e800000| Complete 
|  83|0x000000070ea00000, 0x000000070ec00000, 0x000000070ec00000|100%| E|CS|TAMS 0x000000070ea00000, 0x000000070ea00000| Complete 
|  84|0x000000070ec00000, 0x000000070ee00000, 0x000000070ee00000|100%| E|CS|TAMS 0x000000070ec00000, 0x000000070ec00000| Complete 
|  85|0x000000070ee00000, 0x000000070f000000, 0x000000070f000000|100%| E|CS|TAMS 0x000000070ee00000, 0x000000070ee00000| Complete 
|  86|0x000000070f000000, 0x000000070f200000, 0x000000070f200000|100%| E|CS|TAMS 0x000000070f000000, 0x000000070f000000| Complete 
|  87|0x000000070f200000, 0x000000070f400000, 0x000000070f400000|100%| E|CS|TAMS 0x000000070f200000, 0x000000070f200000| Complete 
|  88|0x000000070f400000, 0x000000070f600000, 0x000000070f600000|100%| E|CS|TAMS 0x000000070f400000, 0x000000070f400000| Complete 
|  89|0x000000070f600000, 0x000000070f800000, 0x000000070f800000|100%| E|CS|TAMS 0x000000070f600000, 0x000000070f600000| Complete 
|  90|0x000000070f800000, 0x000000070fa00000, 0x000000070fa00000|100%| E|CS|TAMS 0x000000070f800000, 0x000000070f800000| Complete 
|  91|0x000000070fa00000, 0x000000070fc00000, 0x000000070fc00000|100%| E|CS|TAMS 0x000000070fa00000, 0x000000070fa00000| Complete 
|  92|0x000000070fc00000, 0x000000070fe00000, 0x000000070fe00000|100%| E|CS|TAMS 0x000000070fc00000, 0x000000070fc00000| Complete 
|  93|0x000000070fe00000, 0x0000000710000000, 0x0000000710000000|100%| E|CS|TAMS 0x000000070fe00000, 0x000000070fe00000| Complete 
|  94|0x0000000710000000, 0x0000000710200000, 0x0000000710200000|100%| E|CS|TAMS 0x0000000710000000, 0x0000000710000000| Complete 
|  95|0x0000000710200000, 0x0000000710400000, 0x0000000710400000|100%| E|CS|TAMS 0x0000000710200000, 0x0000000710200000| Complete 
|  96|0x0000000710400000, 0x0000000710600000, 0x0000000710600000|100%| E|CS|TAMS 0x0000000710400000, 0x0000000710400000| Complete 
|  97|0x0000000710600000, 0x0000000710800000, 0x0000000710800000|100%| E|CS|TAMS 0x0000000710600000, 0x0000000710600000| Complete 
|  98|0x0000000710800000, 0x0000000710a00000, 0x0000000710a00000|100%| E|CS|TAMS 0x0000000710800000, 0x0000000710800000| Complete 
|  99|0x0000000710a00000, 0x0000000710c00000, 0x0000000710c00000|100%| E|CS|TAMS 0x0000000710a00000, 0x0000000710a00000| Complete 
| 125|0x0000000713e00000, 0x0000000714000000, 0x0000000714000000|100%| E|CS|TAMS 0x0000000713e00000, 0x0000000713e00000| Complete 

Card table byte_map: [0x000001edfb640000,0x000001edfbe20000] _byte_map_base: 0x000001edf7e1e000

Marking Bits (Prev, Next): (CMBitMap*) 0x000001edf3122b40, (CMBitMap*) 0x000001edf3122b00
 Prev Bits: [0x000001ed92ef0000, 0x000001ed96de0000)
 Next Bits: [0x000001ed8f000000, 0x000001ed92ef0000)

Polling page: 0x000001edf1080000

Metaspace:

Usage:
  Non-class:     57.23 MB used.
      Class:      7.11 MB used.
       Both:     64.34 MB used.

Virtual space:
  Non-class space:       64.00 MB reserved,      57.62 MB ( 90%) committed,  8 nodes.
      Class space:        1.00 GB reserved,       7.56 MB ( <1%) committed,  1 nodes.
             Both:        1.06 GB reserved,      65.19 MB (  6%) committed. 

Chunk freelists:
   Non-Class:  2.35 MB
       Class:  289.00 KB
        Both:  2.63 MB

MaxMetaspaceSize: unlimited
CompressedClassSpaceSize: 1.00 GB
Initial GC threshold: 21.00 MB
Current GC threshold: 98.69 MB
CDS: on
MetaspaceReclaimPolicy: balanced
 - commit_granule_bytes: 65536.
 - commit_granule_words: 8192.
 - virtual_space_node_default_size: 1048576.
 - enlarge_chunks_in_place: 1.
 - new_chunks_are_fully_committed: 0.
 - uncommit_free_chunks: 1.
 - use_allocation_guard: 0.
 - handle_deallocations: 1.


Internal statistics:

num_allocs_failed_limit: 9.
num_arena_births: 1722.
num_arena_deaths: 0.
num_vsnodes_births: 9.
num_vsnodes_deaths: 0.
num_space_committed: 1042.
num_space_uncommitted: 0.
num_chunks_returned_to_freelist: 9.
num_chunks_taken_from_freelist: 5036.
num_chunk_merges: 6.
num_chunk_splits: 2921.
num_chunks_enlarged: 1549.
num_purges: 0.
num_inconsistent_stats: 0.

CodeHeap 'non-profiled nmethods': size=120000Kb used=8045Kb max_used=8045Kb free=111955Kb
 bounds [0x000001ed87ad0000, 0x000001ed882b0000, 0x000001ed8f000000]
CodeHeap 'profiled nmethods': size=120000Kb used=17226Kb max_used=17226Kb free=102773Kb
 bounds [0x000001ed805a0000, 0x000001ed81680000, 0x000001ed87ad0000]
CodeHeap 'non-nmethods': size=5760Kb used=1365Kb max_used=1463Kb free=4394Kb
 bounds [0x000001ed80000000, 0x000001ed80270000, 0x000001ed805a0000]
 total_blobs=9188 nmethods=8579 adapters=520
 compilation: enabled
              stopped_count=0, restarted_count=0
 full_count=0

Compilation events (20 events):
Event: 312.019 Thread 0x000001edff29de70 nmethod 10437 0x000001ed81671910 code [0x000001ed81671ac0, 0x000001ed81671d78]
Event: 312.019 Thread 0x000001edff29de70 10438       3       org.apache.catalina.connector.Request::isAsync (34 bytes)
Event: 312.019 Thread 0x000001edff29de70 nmethod 10438 0x000001ed81671e90 code [0x000001ed81672060, 0x000001ed81672448]
Event: 312.020 Thread 0x000001edff29de70 10440       3       com.fasterxml.jackson.databind.type.TypeBindings::<init> (149 bytes)
Event: 312.021 Thread 0x000001edff29de70 nmethod 10440 0x000001ed81672610 code [0x000001ed816728c0, 0x000001ed816734c8]
Event: 312.024 Thread 0x000001edff29d110 nmethod 10379 0x000001ed88294f90 code [0x000001ed88295300, 0x000001ed882988c0]
Event: 312.024 Thread 0x000001edff29d110 10436   !   4       sun.nio.cs.ISO_8859_1$Encoder::encodeBufferLoop (135 bytes)
Event: 312.028 Thread 0x000001edff29d110 nmethod 10436 0x000001ed88299e10 code [0x000001ed88299fc0, 0x000001ed8829a538]
Event: 312.028 Thread 0x000001edff29d110 10397       4       ognl.OgnlParserTokenManager::jjStartNfa_0 (16 bytes)
Event: 312.028 Thread 0x000001edff29d110 nmethod 10397 0x000001ed8829aa10 code [0x000001ed8829aba0, 0x000001ed8829ac78]
Event: 312.028 Thread 0x000001edff29d110 10398       4       ognl.OgnlParserTokenManager::jjStopStringLiteralDfa_0 (370 bytes)
Event: 312.029 Thread 0x000001edff29d110 nmethod 10398 0x000001ed8829ad90 code [0x000001ed8829af00, 0x000001ed8829b078]
Event: 312.029 Thread 0x000001edff29d110 10402       4       ognl.OgnlRuntime$ClassPropertyMethodCache::get (57 bytes)
Event: 312.043 Thread 0x000001edff29d110 nmethod 10402 0x000001ed8829b190 code [0x000001ed8829b3a0, 0x000001ed8829c000]
Event: 312.043 Thread 0x000001edff29d110 10381       4       org.springframework.beans.CachedIntrospectionResults::forClass (148 bytes)
Event: 312.049 Thread 0x000001edff29d110 nmethod 10381 0x000001ed8829c910 code [0x000001ed8829cb40, 0x000001ed8829d130]
Event: 312.049 Thread 0x000001edff29d110 10428       4       java.lang.Character::toLowerCase (6 bytes)
Event: 312.049 Thread 0x000001edff29d110 nmethod 10428 0x000001ed8829d790 code [0x000001ed8829d920, 0x000001ed8829da78]
Event: 312.049 Thread 0x000001edff29d110 10439       4       org.springframework.core.annotation.TypeMappedAnnotations::scan (62 bytes)
Event: 312.103 Thread 0x000001eda1de07c0 nmethod 10373 0x000001ed8829dc10 code [0x000001ed8829e080, 0x000001ed882a5650]

GC Heap History (20 events):
Event: 13.107 GC heap before
{Heap before GC invocations=21 (full 0):
 garbage-first heap   total 192512K, used 55184K [0x0000000704400000, 0x0000000800000000)
  region size 2048K, 11 young (22528K), 5 survivors (10240K)
 Metaspace       used 59806K, committed 60416K, reserved 1105920K
  class space    used 6796K, committed 7168K, reserved 1048576K
}
Event: 13.112 GC heap after
{Heap after GC invocations=22 (full 0):
 garbage-first heap   total 192512K, used 47741K [0x0000000704400000, 0x0000000800000000)
  region size 2048K, 4 young (8192K), 4 survivors (8192K)
 Metaspace       used 59806K, committed 60416K, reserved 1105920K
  class space    used 6796K, committed 7168K, reserved 1048576K
}
Event: 13.649 GC heap before
{Heap before GC invocations=23 (full 0):
 garbage-first heap   total 172032K, used 139901K [0x0000000704400000, 0x0000000800000000)
  region size 2048K, 50 young (102400K), 4 survivors (8192K)
 Metaspace       used 62745K, committed 63360K, reserved 1105920K
  class space    used 7058K, committed 7360K, reserved 1048576K
}
Event: 13.654 GC heap after
{Heap after GC invocations=24 (full 0):
 garbage-first heap   total 206848K, used 50779K [0x0000000704400000, 0x0000000800000000)
  region size 2048K, 5 young (10240K), 5 survivors (10240K)
 Metaspace       used 62745K, committed 63360K, reserved 1105920K
  class space    used 7058K, committed 7360K, reserved 1048576K
}
Event: 13.988 GC heap before
{Heap before GC invocations=24 (full 0):
 garbage-first heap   total 206848K, used 163419K [0x0000000704400000, 0x0000000800000000)
  region size 2048K, 60 young (122880K), 5 survivors (10240K)
 Metaspace       used 63624K, committed 64320K, reserved 1105920K
  class space    used 7137K, committed 7488K, reserved 1048576K
}
Event: 13.992 GC heap after
{Heap after GC invocations=25 (full 0):
 garbage-first heap   total 206848K, used 51196K [0x0000000704400000, 0x0000000800000000)
  region size 2048K, 3 young (6144K), 3 survivors (6144K)
 Metaspace       used 63624K, committed 64320K, reserved 1105920K
  class space    used 7137K, committed 7488K, reserved 1048576K
}
Event: 17.092 GC heap before
{Heap before GC invocations=25 (full 0):
 garbage-first heap   total 206848K, used 165884K [0x0000000704400000, 0x0000000800000000)
  region size 2048K, 60 young (122880K), 3 survivors (6144K)
 Metaspace       used 64037K, committed 64832K, reserved 1114112K
  class space    used 7172K, committed 7616K, reserved 1048576K
}
Event: 17.094 GC heap after
{Heap after GC invocations=26 (full 0):
 garbage-first heap   total 206848K, used 51561K [0x0000000704400000, 0x0000000800000000)
  region size 2048K, 3 young (6144K), 3 survivors (6144K)
 Metaspace       used 64037K, committed 64832K, reserved 1114112K
  class space    used 7172K, committed 7616K, reserved 1048576K
}
Event: 19.380 GC heap before
{Heap before GC invocations=26 (full 0):
 garbage-first heap   total 206848K, used 166249K [0x0000000704400000, 0x0000000800000000)
  region size 2048K, 60 young (122880K), 3 survivors (6144K)
 Metaspace       used 64316K, committed 65152K, reserved 1114112K
  class space    used 7188K, committed 7616K, reserved 1048576K
}
Event: 19.383 GC heap after
{Heap after GC invocations=27 (full 0):
 garbage-first heap   total 206848K, used 51560K [0x0000000704400000, 0x0000000800000000)
  region size 2048K, 3 young (6144K), 3 survivors (6144K)
 Metaspace       used 64316K, committed 65152K, reserved 1114112K
  class space    used 7188K, committed 7616K, reserved 1048576K
}
Event: 20.760 GC heap before
{Heap before GC invocations=27 (full 0):
 garbage-first heap   total 206848K, used 166248K [0x0000000704400000, 0x0000000800000000)
  region size 2048K, 60 young (122880K), 3 survivors (6144K)
 Metaspace       used 64705K, committed 65472K, reserved 1114112K
  class space    used 7210K, committed 7616K, reserved 1048576K
}
Event: 20.762 GC heap after
{Heap after GC invocations=28 (full 0):
 garbage-first heap   total 206848K, used 51470K [0x0000000704400000, 0x0000000800000000)
  region size 2048K, 3 young (6144K), 3 survivors (6144K)
 Metaspace       used 64705K, committed 65472K, reserved 1114112K
  class space    used 7210K, committed 7616K, reserved 1048576K
}
Event: 20.993 GC heap before
{Heap before GC invocations=28 (full 0):
 garbage-first heap   total 206848K, used 166158K [0x0000000704400000, 0x0000000800000000)
  region size 2048K, 60 young (122880K), 3 survivors (6144K)
 Metaspace       used 65028K, committed 65856K, reserved 1114112K
  class space    used 7244K, committed 7680K, reserved 1048576K
}
Event: 20.995 GC heap after
{Heap after GC invocations=29 (full 0):
 garbage-first heap   total 206848K, used 51748K [0x0000000704400000, 0x0000000800000000)
  region size 2048K, 3 young (6144K), 3 survivors (6144K)
 Metaspace       used 65028K, committed 65856K, reserved 1114112K
  class space    used 7244K, committed 7680K, reserved 1048576K
}
Event: 22.135 GC heap before
{Heap before GC invocations=29 (full 0):
 garbage-first heap   total 206848K, used 166436K [0x0000000704400000, 0x0000000800000000)
  region size 2048K, 60 young (122880K), 3 survivors (6144K)
 Metaspace       used 65308K, committed 66112K, reserved 1114112K
  class space    used 7250K, committed 7680K, reserved 1048576K
}
Event: 22.137 GC heap after
{Heap after GC invocations=30 (full 0):
 garbage-first heap   total 206848K, used 52494K [0x0000000704400000, 0x0000000800000000)
  region size 2048K, 4 young (8192K), 4 survivors (8192K)
 Metaspace       used 65308K, committed 66112K, reserved 1114112K
  class space    used 7250K, committed 7680K, reserved 1048576K
}
Event: 22.210 GC heap before
{Heap before GC invocations=30 (full 0):
 garbage-first heap   total 206848K, used 165134K [0x0000000704400000, 0x0000000800000000)
  region size 2048K, 60 young (122880K), 4 survivors (8192K)
 Metaspace       used 65341K, committed 66176K, reserved 1114112K
  class space    used 7250K, committed 7680K, reserved 1048576K
}
Event: 22.213 GC heap after
{Heap after GC invocations=31 (full 0):
 garbage-first heap   total 206848K, used 52645K [0x0000000704400000, 0x0000000800000000)
  region size 2048K, 4 young (8192K), 4 survivors (8192K)
 Metaspace       used 65341K, committed 66176K, reserved 1114112K
  class space    used 7250K, committed 7680K, reserved 1048576K
}
Event: 311.965 GC heap before
{Heap before GC invocations=31 (full 0):
 garbage-first heap   total 206848K, used 165285K [0x0000000704400000, 0x0000000800000000)
  region size 2048K, 60 young (122880K), 4 survivors (8192K)
 Metaspace       used 65860K, committed 66752K, reserved 1114112K
  class space    used 7280K, committed 7744K, reserved 1048576K
}
Event: 311.967 GC heap after
{Heap after GC invocations=32 (full 0):
 garbage-first heap   total 206848K, used 53215K [0x0000000704400000, 0x0000000800000000)
  region size 2048K, 4 young (8192K), 4 survivors (8192K)
 Metaspace       used 65860K, committed 66752K, reserved 1114112K
  class space    used 7280K, committed 7744K, reserved 1048576K
}

Deoptimization events (20 events):
Event: 312.018 Thread 0x000001ed9d588af0 DEOPT PACKING pc=0x000001ed87ed50ac sp=0x00000041c4cf8ed0
Event: 312.018 Thread 0x000001ed9d588af0 DEOPT UNPACKING pc=0x000001ed80056763 sp=0x00000041c4cf8318 mode 1
Event: 312.018 Thread 0x000001ed9d588af0 DEOPT PACKING pc=0x000001ed87db426c sp=0x00000041c4cf8d40
Event: 312.018 Thread 0x000001ed9d588af0 DEOPT UNPACKING pc=0x000001ed80056763 sp=0x00000041c4cf8190 mode 1
Event: 312.018 Thread 0x000001ed9d588af0 DEOPT PACKING pc=0x000001ed87ed50ac sp=0x00000041c4cf8fd0
Event: 312.018 Thread 0x000001ed9d588af0 DEOPT UNPACKING pc=0x000001ed80056763 sp=0x00000041c4cf8418 mode 1
Event: 312.018 Thread 0x000001ed9d588af0 DEOPT PACKING pc=0x000001ed87db426c sp=0x00000041c4cf8d40
Event: 312.018 Thread 0x000001ed9d588af0 DEOPT UNPACKING pc=0x000001ed80056763 sp=0x00000041c4cf8190 mode 1
Event: 312.018 Thread 0x000001ed9d588af0 DEOPT PACKING pc=0x000001ed87ed50ac sp=0x00000041c4cf8dd0
Event: 312.018 Thread 0x000001ed9d588af0 DEOPT UNPACKING pc=0x000001ed80056763 sp=0x00000041c4cf8218 mode 1
Event: 312.018 Thread 0x000001ed9d588af0 DEOPT PACKING pc=0x000001ed87db426c sp=0x00000041c4cf8f50
Event: 312.018 Thread 0x000001ed9d588af0 DEOPT UNPACKING pc=0x000001ed80056763 sp=0x00000041c4cf83a0 mode 1
Event: 312.018 Thread 0x000001ed9d588af0 DEOPT PACKING pc=0x000001ed87ed50ac sp=0x00000041c4cf8e40
Event: 312.018 Thread 0x000001ed9d588af0 DEOPT UNPACKING pc=0x000001ed80056763 sp=0x00000041c4cf8288 mode 1
Event: 312.018 Thread 0x000001ed9d588af0 DEOPT PACKING pc=0x000001ed87db426c sp=0x00000041c4cf8d40
Event: 312.018 Thread 0x000001ed9d588af0 DEOPT UNPACKING pc=0x000001ed80056763 sp=0x00000041c4cf8190 mode 1
Event: 312.018 Thread 0x000001ed9d588af0 DEOPT PACKING pc=0x000001ed87ed50ac sp=0x00000041c4cf8e40
Event: 312.018 Thread 0x000001ed9d588af0 DEOPT UNPACKING pc=0x000001ed80056763 sp=0x00000041c4cf8288 mode 1
Event: 312.018 Thread 0x000001ed9d588af0 DEOPT PACKING pc=0x000001ed87db426c sp=0x00000041c4cf8d40
Event: 312.018 Thread 0x000001ed9d588af0 DEOPT UNPACKING pc=0x000001ed80056763 sp=0x00000041c4cf8190 mode 1

Classes unloaded (0 events):
No events

Classes redefined (0 events):
No events

Internal exceptions (20 events):
Event: 20.911 Thread 0x000001ed9d586470 Exception <a 'java/lang/ClassNotFoundException'{0x000000070a8e7158}: net/tiklab/postin/apidef/http/entity/HttpApiEntityCustomizer> (0x000000070a8e7158) 
thrown [t:\workspace\open\src\hotspot\share\classfile\systemDictionary.cpp, line 256]
Event: 20.952 Thread 0x000001ed9d586470 Exception <a 'java/lang/ClassNotFoundException'{0x000000070a4b6c00}: java/lang/ObjectCustomizer> (0x000000070a4b6c00) 
thrown [t:\workspace\open\src\hotspot\share\classfile\systemDictionary.cpp, line 256]
Event: 20.953 Thread 0x000001ed9d586470 Exception <a 'java/lang/ClassNotFoundException'{0x000000070a4c5ab8}: net/tiklab/postin/sysmgr/datastructure/entity/DataStructureEntityCustomizer> (0x000000070a4c5ab8) 
thrown [t:\workspace\open\src\hotspot\share\classfile\systemDictionary.cpp, line 256]
Event: 22.054 Thread 0x000001ed9d5872e0 Exception <a 'java/lang/ClassNotFoundException'{0x000000070fdde580}: java/lang/ObjectCustomizer> (0x000000070fdde580) 
thrown [t:\workspace\open\src\hotspot\share\classfile\systemDictionary.cpp, line 256]
Event: 22.055 Thread 0x000001ed9d5872e0 Exception <a 'java/lang/ClassNotFoundException'{0x000000070fded228}: net/tiklab/postin/sysmgr/environment/entity/EnvironmentEntityCustomizer> (0x000000070fded228) 
thrown [t:\workspace\open\src\hotspot\share\classfile\systemDictionary.cpp, line 256]
Event: 26.228 Thread 0x000001ed9d587c80 Implicit null exception at 0x000001ed87fc8954 to 0x000001ed87fcc550
Event: 26.258 Thread 0x000001ed9d587c80 Exception <a 'java/lang/ClassNotFoundException'{0x000000070f978ff8}: java/lang/ObjectCustomizer> (0x000000070f978ff8) 
thrown [t:\workspace\open\src\hotspot\share\classfile\systemDictionary.cpp, line 256]
Event: 26.259 Thread 0x000001ed9d587c80 Exception <a 'java/lang/ClassNotFoundException'{0x000000070f9878a0}: net/tiklab/oplog/config/oplog/entity/OpLogTypeEntityCustomizer> (0x000000070f9878a0) 
thrown [t:\workspace\open\src\hotspot\share\classfile\systemDictionary.cpp, line 256]
Event: 26.280 Thread 0x000001ed9d587c80 Exception <a 'java/lang/ClassNotFoundException'{0x000000070f474830}: java/lang/ObjectCustomizer> (0x000000070f474830) 
thrown [t:\workspace\open\src\hotspot\share\classfile\systemDictionary.cpp, line 256]
Event: 26.281 Thread 0x000001ed9d587c80 Exception <a 'java/lang/ClassNotFoundException'{0x000000070f484290}: net/tiklab/oplog/config/oplog/entity/OpLogTemplateEntityCustomizer> (0x000000070f484290) 
thrown [t:\workspace\open\src\hotspot\share\classfile\systemDictionary.cpp, line 256]
Event: 26.299 Thread 0x000001ed9d587c80 Exception <a 'java/lang/ClassNotFoundException'{0x000000070f2d10c0}: java/lang/ObjectCustomizer> (0x000000070f2d10c0) 
thrown [t:\workspace\open\src\hotspot\share\classfile\systemDictionary.cpp, line 256]
Event: 26.300 Thread 0x000001ed9d587c80 Exception <a 'java/lang/ClassNotFoundException'{0x000000070f2e01e0}: net/tiklab/dal/jpa/meta/EntityMetaCustomizer> (0x000000070f2e01e0) 
thrown [t:\workspace\open\src\hotspot\share\classfile\systemDictionary.cpp, line 256]
Event: 26.300 Thread 0x000001ed9d587c80 Exception <a 'java/lang/ClassNotFoundException'{0x000000070f2f60e8}: net/tiklab/dal/jpa/action/insert/InsertEntityCustomizer> (0x000000070f2f60e8) 
thrown [t:\workspace\open\src\hotspot\share\classfile\systemDictionary.cpp, line 256]
Event: 26.302 Thread 0x000001ed9d587c80 Exception <a 'java/lang/ClassNotFoundException'{0x000000070f350d38}: net/tiklab/dal/jpa/action/insert/InsertEntityBeanInfo> (0x000000070f350d38) 
thrown [t:\workspace\open\src\hotspot\share\classfile\systemDictionary.cpp, line 256]
Event: 26.303 Thread 0x000001ed9d587c80 Exception <a 'java/lang/ClassNotFoundException'{0x000000070f35cb48}: net/tiklab/dal/jpa/action/insert/InsertEntityCustomizer> (0x000000070f35cb48) 
thrown [t:\workspace\open\src\hotspot\share\classfile\systemDictionary.cpp, line 256]
Event: 26.312 Thread 0x000001ed9d587c80 Exception <a 'java/lang/ClassNotFoundException'{0x000000070f3876c8}: java/lang/ObjectCustomizer> (0x000000070f3876c8) 
thrown [t:\workspace\open\src\hotspot\share\classfile\systemDictionary.cpp, line 256]
Event: 26.315 Thread 0x000001ed9d587c80 Exception <a 'java/lang/ClassNotFoundException'{0x000000070f395a98}: net/tiklab/dal/jpa/meta/EntityMetaCustomizer> (0x000000070f395a98) 
thrown [t:\workspace\open\src\hotspot\share\classfile\systemDictionary.cpp, line 256]
Event: 26.316 Thread 0x000001ed9d587c80 Exception <a 'java/lang/ClassNotFoundException'{0x000000070f3aa730}: net/tiklab/dal/jpa/action/delete/DeleteEntityCustomizer> (0x000000070f3aa730) 
thrown [t:\workspace\open\src\hotspot\share\classfile\systemDictionary.cpp, line 256]
Event: 26.321 Thread 0x000001ed9d587c80 Exception <a 'java/lang/ClassNotFoundException'{0x000000070f3d8418}: net/tiklab/dal/jpa/action/delete/DeleteEntityBeanInfo> (0x000000070f3d8418) 
thrown [t:\workspace\open\src\hotspot\share\classfile\systemDictionary.cpp, line 256]
Event: 26.321 Thread 0x000001ed9d587c80 Exception <a 'java/lang/ClassNotFoundException'{0x000000070f3e3238}: net/tiklab/dal/jpa/action/delete/DeleteEntityCustomizer> (0x000000070f3e3238) 
thrown [t:\workspace\open\src\hotspot\share\classfile\systemDictionary.cpp, line 256]

VM Operations (20 events):
Event: 29.216 Executing VM operation: Cleanup
Event: 29.216 Executing VM operation: Cleanup done
Event: 31.216 Executing VM operation: Cleanup
Event: 31.216 Executing VM operation: Cleanup done
Event: 36.217 Executing VM operation: Cleanup
Event: 36.218 Executing VM operation: Cleanup done
Event: 37.218 Executing VM operation: Cleanup
Event: 37.218 Executing VM operation: Cleanup done
Event: 116.254 Executing VM operation: Cleanup
Event: 116.254 Executing VM operation: Cleanup done
Event: 212.481 Executing VM operation: Cleanup
Event: 212.481 Executing VM operation: Cleanup done
Event: 213.482 Executing VM operation: Cleanup
Event: 213.482 Executing VM operation: Cleanup done
Event: 215.482 Executing VM operation: Cleanup
Event: 215.482 Executing VM operation: Cleanup done
Event: 247.492 Executing VM operation: Cleanup
Event: 247.492 Executing VM operation: Cleanup done
Event: 311.965 Executing VM operation: G1CollectForAllocation
Event: 311.967 Executing VM operation: G1CollectForAllocation done

Events (20 events):
Event: 26.280 loading class java/lang/ObjectCustomizer done
Event: 26.290 loading class java/io/NotActiveException
Event: 26.291 loading class java/io/NotActiveException done
Event: 26.299 loading class java/lang/ObjectCustomizer
Event: 26.299 loading class java/lang/ObjectCustomizer done
Event: 26.299 loading class java/lang/ObjectCustomizer
Event: 26.299 loading class java/lang/ObjectCustomizer done
Event: 26.302 Thread 0x000001eda1de07c0 Thread added: 0x000001eda1de07c0
Event: 26.310 loading class java/lang/ObjectCustomizer
Event: 26.310 loading class java/lang/ObjectCustomizer done
Event: 26.312 loading class java/lang/ObjectCustomizer
Event: 26.312 loading class java/lang/ObjectCustomizer done
Event: 29.263 Thread 0x000001eda1de07c0 Thread exited: 0x000001eda1de07c0
Event: 29.269 Thread 0x000001eda1de02b0 Thread exited: 0x000001eda1de02b0
Event: 36.972 Thread 0x000001ed9d589960 Thread added: 0x000001ed9d589960
Event: 36.978 Thread 0x000001ed9d586940 Thread added: 0x000001ed9d586940
Event: 36.984 Thread 0x000001ed9d583920 Thread added: 0x000001ed9d583920
Event: 66.971 Thread 0x000001edff28ed70 Thread added: 0x000001edff28ed70
Event: 66.977 Thread 0x000001ed9b00dbd0 Thread added: 0x000001ed9b00dbd0
Event: 311.870 Thread 0x000001eda1de07c0 Thread added: 0x000001eda1de07c0


Dynamic libraries:
0x00007ff7c2a50000 - 0x00007ff7c2a60000 	D:\application\java17\bin\java.exe
0x00007ffb91760000 - 0x00007ffb91969000 	C:\WINDOWS\SYSTEM32\ntdll.dll
0x00007ffb8f640000 - 0x00007ffb8f6fe000 	C:\WINDOWS\System32\KERNEL32.DLL
0x00007ffb8f0d0000 - 0x00007ffb8f44b000 	C:\WINDOWS\System32\KERNELBASE.dll
0x00007ffb8ee40000 - 0x00007ffb8ef51000 	C:\WINDOWS\System32\ucrtbase.dll
0x00007ffb88d50000 - 0x00007ffb88d6a000 	D:\application\java17\bin\VCRUNTIME140.dll
0x00007ffb7d0e0000 - 0x00007ffb7d0f8000 	D:\application\java17\bin\jli.dll
0x00007ffb90aa0000 - 0x00007ffb90b4e000 	C:\WINDOWS\System32\ADVAPI32.dll
0x00007ffb8f820000 - 0x00007ffb8f8c3000 	C:\WINDOWS\System32\msvcrt.dll
0x00007ffb900c0000 - 0x00007ffb9015e000 	C:\WINDOWS\System32\sechost.dll
0x00007ffb8f700000 - 0x00007ffb8f820000 	C:\WINDOWS\System32\RPCRT4.dll
0x00007ffb91170000 - 0x00007ffb9131d000 	C:\WINDOWS\System32\USER32.dll
0x00007ffb8f510000 - 0x00007ffb8f536000 	C:\WINDOWS\System32\win32u.dll
0x00007ffb91450000 - 0x00007ffb91479000 	C:\WINDOWS\System32\GDI32.dll
0x00007ffb7aad0000 - 0x00007ffb7ad75000 	C:\WINDOWS\WinSxS\amd64_microsoft.windows.common-controls_6595b64144ccf1df_6.0.22000.120_none_9d947278b86cc467\COMCTL32.dll
0x00007ffb8ec30000 - 0x00007ffb8ed48000 	C:\WINDOWS\System32\gdi32full.dll
0x00007ffb8f540000 - 0x00007ffb8f5dd000 	C:\WINDOWS\System32\msvcp_win.dll
0x00007ffb8b160000 - 0x00007ffb8b16a000 	C:\WINDOWS\SYSTEM32\VERSION.dll
0x00007ffb91130000 - 0x00007ffb91162000 	C:\WINDOWS\System32\IMM32.DLL
0x00007ffb887c0000 - 0x00007ffb887cc000 	D:\application\java17\bin\vcruntime140_1.dll
0x00007ffb78c70000 - 0x00007ffb78cfd000 	D:\application\java17\bin\msvcp140.dll
0x00007ffb43560000 - 0x00007ffb44121000 	D:\application\java17\bin\server\jvm.dll
0x00007ffb91440000 - 0x00007ffb91448000 	C:\WINDOWS\System32\PSAPI.DLL
0x00007ffb78d50000 - 0x00007ffb78d59000 	C:\WINDOWS\SYSTEM32\WSOCK32.dll
0x00007ffb90160000 - 0x00007ffb901cf000 	C:\WINDOWS\System32\WS2_32.dll
0x00007ffb7de20000 - 0x00007ffb7de53000 	C:\WINDOWS\SYSTEM32\WINMM.dll
0x00007ffb8dda0000 - 0x00007ffb8ddb8000 	C:\WINDOWS\SYSTEM32\kernel.appcore.dll
0x00007ffb88790000 - 0x00007ffb8879a000 	D:\application\java17\bin\jimage.dll
0x00007ffb8ab80000 - 0x00007ffb8ada1000 	C:\WINDOWS\SYSTEM32\DBGHELP.DLL
0x00007ffb79ad0000 - 0x00007ffb79b01000 	C:\WINDOWS\SYSTEM32\dbgcore.DLL
0x00007ffb8edc0000 - 0x00007ffb8ee3f000 	C:\WINDOWS\System32\bcryptPrimitives.dll
0x00007ffb66940000 - 0x00007ffb6697b000 	D:\application\java17\bin\jdwp.dll
0x00007ffb7d030000 - 0x00007ffb7d055000 	D:\application\java17\bin\java.dll
0x00007ffb52ab0000 - 0x00007ffb52b86000 	D:\application\java17\bin\jsvml.dll
0x00007ffb8f900000 - 0x00007ffb900b8000 	C:\WINDOWS\System32\SHELL32.dll
0x00007ffb8cd20000 - 0x00007ffb8d585000 	C:\WINDOWS\SYSTEM32\windows.storage.dll
0x00007ffb90c10000 - 0x00007ffb90f88000 	C:\WINDOWS\System32\combase.dll
0x00007ffb8cbb0000 - 0x00007ffb8cd16000 	C:\WINDOWS\SYSTEM32\wintypes.dll
0x00007ffb909a0000 - 0x00007ffb90a8a000 	C:\WINDOWS\System32\SHCORE.dll
0x00007ffb91500000 - 0x00007ffb9155d000 	C:\WINDOWS\System32\shlwapi.dll
0x00007ffb8eb60000 - 0x00007ffb8eb81000 	C:\WINDOWS\SYSTEM32\profapi.dll
0x00007ffb7ce90000 - 0x00007ffb7ce9c000 	D:\application\java17\bin\dt_socket.dll
0x00007ffb8d880000 - 0x00007ffb8d8ad000 	C:\WINDOWS\SYSTEM32\IPHLPAPI.DLL
0x00007ffb8e240000 - 0x00007ffb8e2a7000 	C:\WINDOWS\system32\mswsock.dll
0x00007ffb7d0c0000 - 0x00007ffb7d0d9000 	D:\application\java17\bin\net.dll
0x00007ffb86d90000 - 0x00007ffb86ea4000 	C:\WINDOWS\SYSTEM32\WINHTTP.dll
0x00007ffb7d090000 - 0x00007ffb7d0a6000 	D:\application\java17\bin\nio.dll
0x00007ffb7d010000 - 0x00007ffb7d028000 	D:\application\java17\bin\zip.dll
0x00007ffb7d130000 - 0x00007ffb7d140000 	D:\application\java17\bin\verify.dll
0x00007ffb6efc0000 - 0x00007ffb6efd7000 	C:\WINDOWS\system32\napinsp.dll
0x00007ffb6efa0000 - 0x00007ffb6efbb000 	C:\WINDOWS\system32\pnrpnsp.dll
0x00007ffb8d900000 - 0x00007ffb8d9e8000 	C:\WINDOWS\SYSTEM32\DNSAPI.dll
0x00007ffb90a90000 - 0x00007ffb90a99000 	C:\WINDOWS\System32\NSI.dll
0x00007ffb6e600000 - 0x00007ffb6e612000 	C:\WINDOWS\System32\winrnr.dll
0x00007ffb6e5e0000 - 0x00007ffb6e5f5000 	C:\WINDOWS\system32\wshbth.dll
0x00007ffb6e5c0000 - 0x00007ffb6e5df000 	C:\WINDOWS\system32\nlansp_c.dll
0x000000006aa80000 - 0x000000006aaa6000 	C:\Program Files\Bonjour\mdnsNSP.dll
0x00007ffb7dbb0000 - 0x00007ffb7dbba000 	C:\Windows\System32\rasadhlp.dll
0x00007ffb85f80000 - 0x00007ffb86001000 	C:\WINDOWS\System32\fwpuclnt.dll
0x00007ffb7d000000 - 0x00007ffb7d009000 	D:\application\java17\bin\management.dll
0x00007ffb7ceb0000 - 0x00007ffb7cebb000 	D:\application\java17\bin\management_ext.dll
0x00007ffb8e480000 - 0x00007ffb8e498000 	C:\WINDOWS\SYSTEM32\CRYPTSP.dll
0x00007ffb8dd00000 - 0x00007ffb8dd35000 	C:\WINDOWS\system32\rsaenh.dll
0x00007ffb8e330000 - 0x00007ffb8e359000 	C:\WINDOWS\SYSTEM32\USERENV.dll
0x00007ffb8e610000 - 0x00007ffb8e637000 	C:\WINDOWS\SYSTEM32\bcrypt.dll
0x00007ffb8e4a0000 - 0x00007ffb8e4ac000 	C:\WINDOWS\SYSTEM32\CRYPTBASE.dll
0x00007ffb86f10000 - 0x00007ffb86f29000 	C:\WINDOWS\SYSTEM32\dhcpcsvc6.DLL
0x00007ffb878f0000 - 0x00007ffb8790e000 	C:\WINDOWS\SYSTEM32\dhcpcsvc.DLL
0x00007ffb7cea0000 - 0x00007ffb7ceae000 	D:\application\java17\bin\sunmscapi.dll
0x00007ffb8ef60000 - 0x00007ffb8f0c2000 	C:\WINDOWS\System32\CRYPT32.dll
0x00007ffb8e5e0000 - 0x00007ffb8e608000 	C:\WINDOWS\SYSTEM32\ncrypt.dll
0x00007ffb8e5a0000 - 0x00007ffb8e5d7000 	C:\WINDOWS\SYSTEM32\NTASN1.dll
0x00007ffaf1590000 - 0x00007ffaf1598000 	C:\WINDOWS\system32\wshunix.dll

dbghelp: loaded successfully - version: 4.0.5 - missing functions: none
symbol engine: initialized successfully - sym options: 0x614 - pdb path: .;D:\application\java17\bin;C:\WINDOWS\SYSTEM32;C:\WINDOWS\WinSxS\amd64_microsoft.windows.common-controls_6595b64144ccf1df_6.0.22000.120_none_9d947278b86cc467;D:\application\java17\bin\server;C:\Program Files\Bonjour

VM Arguments:
jvm_args: -agentlib:jdwp=transport=dt_socket,address=127.0.0.1:52706,suspend=y,server=n -Dfile.encoding=UTF-8 
java_command: net.tiklab.postin.PostInApplication
java_class_path (initial): D:\a-dk-sever\tiklab-postin\tiklab-postin-starter\target\classes;C:\Users\JacksonSun\.m2\repository\net\tiklab\tiklab-dfs-spring-boot-starter\1.0.0-SNAPSHOT\tiklab-dfs-spring-boot-starter-1.0.0-20220923.011032-3.jar;C:\Users\JacksonSun\.m2\repository\javax\servlet\javax.servlet-api\4.0.1\javax.servlet-api-4.0.1.jar;C:\Users\JacksonSun\.m2\repository\net\tiklab\tiklab-dfs-server\1.0.0-SNAPSHOT\tiklab-dfs-server-1.0.0-20220923.011029-3.jar;C:\Users\JacksonSun\.m2\repository\net\tiklab\tiklab-dfs-common\1.0.0-SNAPSHOT\tiklab-dfs-common-1.0.0-20220923.011024-3.jar;C:\Users\JacksonSun\.m2\repository\net\tiklab\tiklab-dfs-client\1.0.0-SNAPSHOT\tiklab-dfs-client-1.0.0-20220923.011027-3.jar;C:\Users\JacksonSun\.m2\repository\ch\qos\logback\logback-classic\1.1.7\logback-classic-1.1.7.jar;C:\Users\JacksonSun\.m2\repository\ch\qos\logback\logback-core\1.1.7\logback-core-1.1.7.jar;C:\Users\JacksonSun\.m2\repository\net\tiklab\tiklab-tks-annotation\1.0.0-SNAPSHOT\tiklab-tks-annotation-1.0.0-20220922.072438-2.jar;C:\Users\JacksonSun\.m2\repository\net\tiklab\tiklab-dfs-web\1.0.0-SNAPSHOT\tiklab-dfs-web-1.0.0-20220923.011030-3.jar;C:\Users\JacksonSun\.m2\repository\net\tiklab\tiklab-dcs-spring-boot-starter\1.0.0-SNAPSHOT\tiklab-dcs-spring-boot-starter-1.0.0-20220923.011057-3.jar;C:\Users\JacksonSun\.m2\repository\net\tiklab\tiklab-dcs-client\1.0.0-SNAPSHOT\tiklab-dcs-client-1.0.0-20220923.011054-3.jar;C:\Users\JacksonSun\.m2\repository\net\tiklab\tiklab-dcs-common\1.0.0-SNAPSHOT\tiklab-dcs-common-1.0.0-20220923.011051-3.jar;C:\Users\JacksonSun\.m2\repository\net\sf\ehcache\ehcache\2.10.4\ehcache-2.10.4.jar;C:\Users\JacksonSun\.m2\repository\net\tiklab\tiklab-dcs-server\1.0.0-SNAPSHOT\tiklab-dcs-server-1.0.0-20220923.011056-3.jar;C:\Users\JacksonSun\.m2\repository\net\tiklab\tiklab-dss-spring-boot-starter\1.0.0-SNAPSHOT\tiklab-dss-spring-boot-starter-1.0.0-20220923.011117-3.jar;C:\Users\JacksonSun\.m2\repository\net\tiklab\tiklab-dss-client\1.0.0-SNAPSH
Launcher Type: SUN_STANDARD

[Global flags]
     intx CICompilerCount                          = 4                                         {product} {ergonomic}
     uint ConcGCThreads                            = 3                                         {product} {ergonomic}
     uint G1ConcRefinementThreads                  = 10                                        {product} {ergonomic}
   size_t G1HeapRegionSize                         = 2097152                                   {product} {ergonomic}
    uintx GCDrainStackTargetSize                   = 64                                        {product} {ergonomic}
   size_t InitialHeapSize                          = 264241152                                 {product} {ergonomic}
   size_t MarkStackSize                            = 4194304                                   {product} {ergonomic}
   size_t MaxHeapSize                              = 4223664128                                {product} {ergonomic}
   size_t MaxNewSize                               = 2533359616                                {product} {ergonomic}
   size_t MinHeapDeltaBytes                        = 2097152                                   {product} {ergonomic}
   size_t MinHeapSize                              = 8388608                                   {product} {ergonomic}
    uintx NonNMethodCodeHeapSize                   = 5839372                                {pd product} {ergonomic}
    uintx NonProfiledCodeHeapSize                  = 122909434                              {pd product} {ergonomic}
    uintx ProfiledCodeHeapSize                     = 122909434                              {pd product} {ergonomic}
    uintx ReservedCodeCacheSize                    = 251658240                              {pd product} {ergonomic}
     bool SegmentedCodeCache                       = true                                      {product} {ergonomic}
   size_t SoftMaxHeapSize                          = 4223664128                             {manageable} {ergonomic}
     bool UseCompressedClassPointers               = true                           {product lp64_product} {ergonomic}
     bool UseCompressedOops                        = true                           {product lp64_product} {ergonomic}
     bool UseG1GC                                  = true                                      {product} {ergonomic}
     bool UseLargePagesIndividualAllocation        = false                                  {pd product} {ergonomic}

Logging:
Log output configuration:
 #0: stdout all=warning uptime,level,tags
 #1: stderr all=off uptime,level,tags

Environment Variables:
JAVA_HOME=D:\application\java17
CLASSPATH=D:\application\java17\lib\dt.jar;D:\application\java17\lib\tools.jar;D:\application\apache-jmeter-5.4.3\lib\ext\ApacheJMeter_core.jar;D:\application\apache-jmeter-5.4.3\lib\jorphan.jar;D:\application\apache-jmeter-5.4.3\lib/logkit-2.0.jar; 
PATH=D:\application\java17\bin;D:\application\java17\jre\bin;C:\Program Files\Common Files\Oracle\Java\javapath;C:\Program Files (x86)\Common Files\Oracle\Java\javapath;C:\Windows\system32;C:\Windows;C:\Windows\System32\Wbem;C:\Windows\System32\WindowsPowerShell\v1.0\;C:\Windows\System32\OpenSSH\;D:\application\Git\cmd;D:\application\node\;C:\Users\JacksonSun\AppData\Local\Android\Sdk\platform-tools;C:\Users\JacksonSun\AppData\Local\Android\Sdk\emulator;C:\Users\JacksonSun\AppData\Local\Android\Sdk\tools;C:\Users\JacksonSun\AppData\Local\Android\Sdk\tools\bin;C:\Users\JacksonSun\AppData\Local\watchman;D:\application\webDriver;C:\Users\JacksonSun\AppData\Local\Microsoft\WindowsApps;D:\application\Microsoft VS Code\bin;C:\Users\JacksonSun\AppData\Roaming\npm;C:\Users\JacksonSun\AppData\Local\Android\Sdk\platform-tools;C:\Users\JacksonSun\AppData\Local\Android\Sdk\tools;D:\application\sdk\aapt-windows;C:\Users\JacksonSun\AppData\Local\Android\Sdk\build-tools\29.0.2;C:\WINDOWS\system32;C:\WINDOWS;C:\WINDOWS\System32\Wbem;C:\WINDOWS\System32\WindowsPowerShell\v1.0\;C:\WINDOWS\System32\OpenSSH\;D:\application\apache-maven-3.8.3\bin;%NGNIX_HOME%\nginx-1.20.2;D:\application\xshell\;D:\application\python\Scripts\;D:\application\win311;C:\Program Files\dotnet\;D:\application\python\Scripts\;D:\application\python\;C:\Users\JacksonSun\AppData\Local\Microsoft\WindowsApps;D:\application\Microsoft VS Code\bin;C:\Users\JacksonSun\AppData\Roaming\npm;D:\application\WebStorm 2021.1.2\bin;;C:\Users\JacksonSun\AppData\Local\GitHubDesktop\bin
USERNAME=JacksonSun
OS=Windows_NT
PROCESSOR_IDENTIFIER=Intel64 Family 6 Model 167 Stepping 1, GenuineIntel



---------------  S Y S T E M  ---------------

OS:
 Windows 11 , 64 bit Build 22000 (10.0.22000.1219)
OS uptime: 1 days 23:40 hours

CPU: total 12 (initial active 12) (6 cores per cpu, 2 threads per core) family 6 model 167 stepping 1 microcode 0x50, cx8, cmov, fxsr, ht, mmx, 3dnowpref, sse, sse2, sse3, ssse3, sse4.1, sse4.2, popcnt, lzcnt, tsc, tscinvbit, avx, avx2, aes, erms, clmul, bmi1, bmi2, adx, avx512f, avx512dq, avx512cd, avx512bw, avx512vl, sha, fma, vzeroupper, avx512_vpopcntdq, avx512_vpclmulqdq, avx512_vaes, avx512_vnni, clflush, clflushopt, avx512_vbmi2, avx512_vbmi

Memory: 4k page, system-wide physical 16105M (539M free)
TotalPageFile size 44949M (AvailPageFile size 1M)
current process WorkingSet (physical memory assigned to process): 429M, peak: 478M
current process commit charge ("private bytes"): 479M, peak: 525M

vm_info: Java HotSpot(TM) 64-Bit Server VM (17.0.2+8-LTS-86) for windows-amd64 JRE (17.0.2+8-LTS-86), built on Dec  7 2021 21:51:03 by "mach5one" with MS VC++ 16.8 / 16.9 (VS2019)

END.
