#
# There is insufficient memory for the Java Runtime Environment to continue.
# Native memory allocation (malloc) failed to allocate 347968 bytes for Chunk::new
# Possible reasons:
#   The system is out of physical RAM or swap space
#   The process is running with CompressedOops enabled, and the Java Heap may be blocking the growth of the native heap
# Possible solutions:
#   Reduce memory load on the system
#   Increase physical memory or swap space
#   Check if swap backing store is full
#   Decrease Java heap size (-Xmx/-Xms)
#   Decrease number of Java threads
#   Decrease Java thread stack sizes (-Xss)
#   Set larger code cache with -XX:ReservedCodeCacheSize=
#   JVM is running with Zero Based Compressed Oops mode in which the Java heap is
#     placed in the first 32GB address space. The Java Heap base address is the
#     maximum limit for the native heap growth. Please use -XX:HeapBaseMinAddress
#     to set the Java Heap base and to place the Java Heap above 32GB virtual address.
# This output file may be truncated or incomplete.
#
#  Out of Memory Error (arena.cpp:189), pid=8984, tid=21904
#
# JRE version: Java(TM) SE Runtime Environment (17.0.2+8) (build 17.0.2+8-LTS-86)
# Java VM: Java HotSpot(TM) 64-Bit Server VM (17.0.2+8-LTS-86, mixed mode, sharing, tiered, compressed oops, compressed class ptrs, g1 gc, windows-amd64)
# No core dump will be written. Minidumps are not enabled by default on client versions of Windows
#

---------------  S U M M A R Y ------------

Command Line: -Dmaven.multiModuleProjectDirectory=D:\a-dk-sever\tiklab-postin\tiklab-postin-server -Dmaven.home=D:\application\IntelliJ IDEA Community Edition 2021.2.3\plugins\maven\lib\maven3 -Dclassworlds.conf=D:\application\IntelliJ IDEA Community Edition 2021.2.3\plugins\maven\lib\maven3\bin\m2.conf -Dmaven.ext.class.path=D:\application\IntelliJ IDEA Community Edition 2021.2.3\plugins\maven\lib\maven-event-listener.jar -javaagent:D:\application\IntelliJ IDEA Community Edition 2021.2.3\lib\idea_rt.jar=50700:D:\application\IntelliJ IDEA Community Edition 2021.2.3\bin -Dfile.encoding=UTF-8 org.codehaus.classworlds.Launcher -Didea.version=2021.2.3 --update-snapshots clean

Host: 11th Gen Intel(R) Core(TM) i5-11400 @ 2.60GHz, 12 cores, 15G,  Windows 11 , 64 bit Build 22000 (10.0.22000.1335)
Time: Thu Dec 29 16:08:28 2022  Windows 11 , 64 bit Build 22000 (10.0.22000.1335) elapsed time: 0.809027 seconds (0d 0h 0m 0s)

---------------  T H R E A D  ---------------

Current thread (0x0000026ac778b150):  JavaThread "C2 CompilerThread0" daemon [_thread_in_native, id=21904, stack(0x0000008a83d00000,0x0000008a83e00000)]


Current CompileTask:
C2:    809 1089       4       org.codehaus.plexus.util.InterpolationFilterReader::read (477 bytes)

Stack: [0x0000008a83d00000,0x0000008a83e00000]
Native frames: (J=compiled Java code, j=interpreted, Vv=VM code, C=native code)
V  [jvm.dll+0x670baa]
V  [jvm.dll+0x7cfcb4]
V  [jvm.dll+0x7d145e]
V  [jvm.dll+0x7d1ac3]
V  [jvm.dll+0x242bc5]
V  [jvm.dll+0xaa57b]
V  [jvm.dll+0xaab0c]
V  [jvm.dll+0x35fd07]
V  [jvm.dll+0x32a331]
V  [jvm.dll+0x3297da]
V  [jvm.dll+0x215c91]
V  [jvm.dll+0x2150b1]
V  [jvm.dll+0x1a1bbd]
V  [jvm.dll+0x224908]
V  [jvm.dll+0x222a6c]
V  [jvm.dll+0x7859bb]
V  [jvm.dll+0x77ff7a]
V  [jvm.dll+0x66fa35]
C  [ucrtbase.dll+0x26c0c]
C  [KERNEL32.DLL+0x155a0]
C  [ntdll.dll+0x485b]


---------------  P R O C E S S  ---------------

Threads class SMR info:
_java_thread_list=0x0000026ac8a3cd90, length=15, elements={
0x0000026aa27e6010, 0x0000026ac77661f0, 0x0000026ac77667b0, 0x0000026ac77819c0,
0x0000026ac7781e90, 0x0000026ac7782360, 0x0000026ac7783440, 0x0000026ac778b150,
0x0000026ac778d730, 0x0000026ac778dc40, 0x0000026ac774a220, 0x0000026ac818fe40,
0x0000026ac8190310, 0x0000026ac83df810, 0x0000026ac8bafab0
}

Java Threads: ( => current thread )
  0x0000026aa27e6010 JavaThread "main" [_thread_in_Java, id=21956, stack(0x0000008a83000000,0x0000008a83100000)]
  0x0000026ac77661f0 JavaThread "Reference Handler" daemon [_thread_blocked, id=8856, stack(0x0000008a83700000,0x0000008a83800000)]
  0x0000026ac77667b0 JavaThread "Finalizer" daemon [_thread_blocked, id=2156, stack(0x0000008a83800000,0x0000008a83900000)]
  0x0000026ac77819c0 JavaThread "Signal Dispatcher" daemon [_thread_blocked, id=1748, stack(0x0000008a83900000,0x0000008a83a00000)]
  0x0000026ac7781e90 JavaThread "Attach Listener" daemon [_thread_blocked, id=22040, stack(0x0000008a83a00000,0x0000008a83b00000)]
  0x0000026ac7782360 JavaThread "Service Thread" daemon [_thread_blocked, id=17776, stack(0x0000008a83b00000,0x0000008a83c00000)]
  0x0000026ac7783440 JavaThread "Monitor Deflation Thread" daemon [_thread_blocked, id=13216, stack(0x0000008a83c00000,0x0000008a83d00000)]
=>0x0000026ac778b150 JavaThread "C2 CompilerThread0" daemon [_thread_in_native, id=21904, stack(0x0000008a83d00000,0x0000008a83e00000)]
  0x0000026ac778d730 JavaThread "C1 CompilerThread0" daemon [_thread_in_native, id=10844, stack(0x0000008a83e00000,0x0000008a83f00000)]
  0x0000026ac778dc40 JavaThread "Sweeper thread" daemon [_thread_blocked, id=18696, stack(0x0000008a83f00000,0x0000008a84000000)]
  0x0000026ac774a220 JavaThread "Common-Cleaner" daemon [_thread_blocked, id=5608, stack(0x0000008a84000000,0x0000008a84100000)]
  0x0000026ac818fe40 JavaThread "Monitor Ctrl-Break" daemon [_thread_in_native, id=18660, stack(0x0000008a84100000,0x0000008a84200000)]
  0x0000026ac8190310 JavaThread "Notification Thread" daemon [_thread_blocked, id=21180, stack(0x0000008a84200000,0x0000008a84300000)]
  0x0000026ac83df810 JavaThread "C2 CompilerThread1" daemon [_thread_in_native, id=9548, stack(0x0000008a84400000,0x0000008a84500000)]
  0x0000026ac8bafab0 JavaThread "C2 CompilerThread2" daemon [_thread_in_native, id=23080, stack(0x0000008a84500000,0x0000008a84600000)]

Other Threads:
  0x0000026ac775c840 VMThread "VM Thread" [stack: 0x0000008a83600000,0x0000008a83700000] [id=12532]
  0x0000026aa284d010 WatcherThread [stack: 0x0000008a84300000,0x0000008a84400000] [id=19656]
  0x0000026aa2834470 GCTaskThread "GC Thread#0" [stack: 0x0000008a83100000,0x0000008a83200000] [id=9424]
  0x0000026ac8ab4e90 GCTaskThread "GC Thread#1" [stack: 0x0000008a84600000,0x0000008a84700000] [id=18684]
  0x0000026ac8bab700 GCTaskThread "GC Thread#2" [stack: 0x0000008a84700000,0x0000008a84800000] [id=11696]
  0x0000026ac8b88820 GCTaskThread "GC Thread#3" [stack: 0x0000008a84800000,0x0000008a84900000] [id=12812]
  0x0000026ac8b88ad0 GCTaskThread "GC Thread#4" [stack: 0x0000008a84900000,0x0000008a84a00000] [id=12008]
  0x0000026ac8b88d80 GCTaskThread "GC Thread#5" [stack: 0x0000008a84a00000,0x0000008a84b00000] [id=18096]
  0x0000026ac8ba6690 GCTaskThread "GC Thread#6" [stack: 0x0000008a84b00000,0x0000008a84c00000] [id=8396]
  0x0000026ac8ba6940 GCTaskThread "GC Thread#7" [stack: 0x0000008a84c00000,0x0000008a84d00000] [id=21040]
  0x0000026aa2844fd0 ConcurrentGCThread "G1 Main Marker" [stack: 0x0000008a83200000,0x0000008a83300000] [id=18740]
  0x0000026aa28468f0 ConcurrentGCThread "G1 Conc#0" [stack: 0x0000008a83300000,0x0000008a83400000] [id=24392]
  0x0000026aa28be260 ConcurrentGCThread "G1 Refine#0" [stack: 0x0000008a83400000,0x0000008a83500000] [id=8968]
  0x0000026aa28be790 ConcurrentGCThread "G1 Service" [stack: 0x0000008a83500000,0x0000008a83600000] [id=19820]

Threads with active compile tasks:
C2 CompilerThread0      830 1089       4       org.codehaus.plexus.util.InterpolationFilterReader::read (477 bytes)
C2 CompilerThread1      830 1128   !   4       sun.nio.cs.StreamDecoder::read (196 bytes)
C2 CompilerThread2      830 1088       4       org.codehaus.plexus.util.xml.XmlReader::read (11 bytes)

VM state: not at safepoint (normal execution)

VM Mutex/Monitor currently owned by a thread: None

Heap address: 0x0000000704400000, size: 4028 MB, Compressed Oops mode: Zero based, Oop shift amount: 3

CDS archive(s) mapped at: [0x0000000800000000-0x0000000800bc0000-0x0000000800bc0000), size 12320768, SharedBaseAddress: 0x0000000800000000, ArchiveRelocationMode: 0.
Compressed class space mapped at: 0x0000000800c00000-0x0000000840c00000, reserved size: 1073741824
Narrow klass base: 0x0000000800000000, Narrow klass shift: 0, Narrow klass range: 0x100000000

GC Precious Log:
 CPUs: 12 total, 12 available
 Memory: 16105M
 Large Page Support: Disabled
 NUMA Support: Disabled
 Compressed Oops: Enabled (Zero based)
 Heap Region Size: 2M
 Heap Min Capacity: 8M
 Heap Initial Capacity: 252M
 Heap Max Capacity: 4028M
 Pre-touch: Disabled
 Parallel Workers: 10
 Concurrent Workers: 3
 Concurrent Refinement Workers: 10
 Periodic GC: Disabled

Heap:
 garbage-first heap   total 258048K, used 8205K [0x0000000704400000, 0x0000000800000000)
  region size 2048K, 5 young (10240K), 2 survivors (4096K)
 Metaspace       used 5869K, committed 6080K, reserved 1056768K
  class space    used 683K, committed 768K, reserved 1048576K

Heap Regions: E=young(eden), S=young(survivor), O=old, HS=humongous(starts), HC=humongous(continues), CS=collection set, F=free, OA=open archive, CA=closed archive, TAMS=top-at-mark-start (previous, next)
|   0|0x0000000704400000, 0x0000000704403600, 0x0000000704600000|  0%| O|  |TAMS 0x0000000704400000, 0x0000000704400000| Untracked 
|   1|0x0000000704600000, 0x0000000704600000, 0x0000000704800000|  0%| F|  |TAMS 0x0000000704600000, 0x0000000704600000| Untracked 
|   2|0x0000000704800000, 0x0000000704800000, 0x0000000704a00000|  0%| F|  |TAMS 0x0000000704800000, 0x0000000704800000| Untracked 
|   3|0x0000000704a00000, 0x0000000704a00000, 0x0000000704c00000|  0%| F|  |TAMS 0x0000000704a00000, 0x0000000704a00000| Untracked 
|   4|0x0000000704c00000, 0x0000000704c00000, 0x0000000704e00000|  0%| F|  |TAMS 0x0000000704c00000, 0x0000000704c00000| Untracked 
|   5|0x0000000704e00000, 0x0000000704e00000, 0x0000000705000000|  0%| F|  |TAMS 0x0000000704e00000, 0x0000000704e00000| Untracked 
|   6|0x0000000705000000, 0x0000000705000000, 0x0000000705200000|  0%| F|  |TAMS 0x0000000705000000, 0x0000000705000000| Untracked 
|   7|0x0000000705200000, 0x0000000705200000, 0x0000000705400000|  0%| F|  |TAMS 0x0000000705200000, 0x0000000705200000| Untracked 
|   8|0x0000000705400000, 0x0000000705400000, 0x0000000705600000|  0%| F|  |TAMS 0x0000000705400000, 0x0000000705400000| Untracked 
|   9|0x0000000705600000, 0x0000000705600000, 0x0000000705800000|  0%| F|  |TAMS 0x0000000705600000, 0x0000000705600000| Untracked 
|  10|0x0000000705800000, 0x0000000705800000, 0x0000000705a00000|  0%| F|  |TAMS 0x0000000705800000, 0x0000000705800000| Untracked 
|  11|0x0000000705a00000, 0x0000000705a00000, 0x0000000705c00000|  0%| F|  |TAMS 0x0000000705a00000, 0x0000000705a00000| Untracked 
|  12|0x0000000705c00000, 0x0000000705c00000, 0x0000000705e00000|  0%| F|  |TAMS 0x0000000705c00000, 0x0000000705c00000| Untracked 
|  13|0x0000000705e00000, 0x0000000705e00000, 0x0000000706000000|  0%| F|  |TAMS 0x0000000705e00000, 0x0000000705e00000| Untracked 
|  14|0x0000000706000000, 0x0000000706000000, 0x0000000706200000|  0%| F|  |TAMS 0x0000000706000000, 0x0000000706000000| Untracked 
|  15|0x0000000706200000, 0x0000000706200000, 0x0000000706400000|  0%| F|  |TAMS 0x0000000706200000, 0x0000000706200000| Untracked 
|  16|0x0000000706400000, 0x0000000706400000, 0x0000000706600000|  0%| F|  |TAMS 0x0000000706400000, 0x0000000706400000| Untracked 
|  17|0x0000000706600000, 0x0000000706600000, 0x0000000706800000|  0%| F|  |TAMS 0x0000000706600000, 0x0000000706600000| Untracked 
|  18|0x0000000706800000, 0x0000000706800000, 0x0000000706a00000|  0%| F|  |TAMS 0x0000000706800000, 0x0000000706800000| Untracked 
|  19|0x0000000706a00000, 0x0000000706a00000, 0x0000000706c00000|  0%| F|  |TAMS 0x0000000706a00000, 0x0000000706a00000| Untracked 
|  20|0x0000000706c00000, 0x0000000706c00000, 0x0000000706e00000|  0%| F|  |TAMS 0x0000000706c00000, 0x0000000706c00000| Untracked 
|  21|0x0000000706e00000, 0x0000000706e00000, 0x0000000707000000|  0%| F|  |TAMS 0x0000000706e00000, 0x0000000706e00000| Untracked 
|  22|0x0000000707000000, 0x0000000707000000, 0x0000000707200000|  0%| F|  |TAMS 0x0000000707000000, 0x0000000707000000| Untracked 
|  23|0x0000000707200000, 0x0000000707200000, 0x0000000707400000|  0%| F|  |TAMS 0x0000000707200000, 0x0000000707200000| Untracked 
|  24|0x0000000707400000, 0x0000000707400000, 0x0000000707600000|  0%| F|  |TAMS 0x0000000707400000, 0x0000000707400000| Untracked 
|  25|0x0000000707600000, 0x0000000707600000, 0x0000000707800000|  0%| F|  |TAMS 0x0000000707600000, 0x0000000707600000| Untracked 
|  26|0x0000000707800000, 0x0000000707800000, 0x0000000707a00000|  0%| F|  |TAMS 0x0000000707800000, 0x0000000707800000| Untracked 
|  27|0x0000000707a00000, 0x0000000707a00000, 0x0000000707c00000|  0%| F|  |TAMS 0x0000000707a00000, 0x0000000707a00000| Untracked 
|  28|0x0000000707c00000, 0x0000000707c00000, 0x0000000707e00000|  0%| F|  |TAMS 0x0000000707c00000, 0x0000000707c00000| Untracked 
|  29|0x0000000707e00000, 0x0000000707e00000, 0x0000000708000000|  0%| F|  |TAMS 0x0000000707e00000, 0x0000000707e00000| Untracked 
|  30|0x0000000708000000, 0x0000000708000000, 0x0000000708200000|  0%| F|  |TAMS 0x0000000708000000, 0x0000000708000000| Untracked 
|  31|0x0000000708200000, 0x0000000708200000, 0x0000000708400000|  0%| F|  |TAMS 0x0000000708200000, 0x0000000708200000| Untracked 
|  32|0x0000000708400000, 0x0000000708400000, 0x0000000708600000|  0%| F|  |TAMS 0x0000000708400000, 0x0000000708400000| Untracked 
|  33|0x0000000708600000, 0x0000000708600000, 0x0000000708800000|  0%| F|  |TAMS 0x0000000708600000, 0x0000000708600000| Untracked 
|  34|0x0000000708800000, 0x0000000708800000, 0x0000000708a00000|  0%| F|  |TAMS 0x0000000708800000, 0x0000000708800000| Untracked 
|  35|0x0000000708a00000, 0x0000000708a00000, 0x0000000708c00000|  0%| F|  |TAMS 0x0000000708a00000, 0x0000000708a00000| Untracked 
|  36|0x0000000708c00000, 0x0000000708c00000, 0x0000000708e00000|  0%| F|  |TAMS 0x0000000708c00000, 0x0000000708c00000| Untracked 
|  37|0x0000000708e00000, 0x0000000708e00000, 0x0000000709000000|  0%| F|  |TAMS 0x0000000708e00000, 0x0000000708e00000| Untracked 
|  38|0x0000000709000000, 0x0000000709000000, 0x0000000709200000|  0%| F|  |TAMS 0x0000000709000000, 0x0000000709000000| Untracked 
|  39|0x0000000709200000, 0x0000000709200000, 0x0000000709400000|  0%| F|  |TAMS 0x0000000709200000, 0x0000000709200000| Untracked 
|  40|0x0000000709400000, 0x0000000709400000, 0x0000000709600000|  0%| F|  |TAMS 0x0000000709400000, 0x0000000709400000| Untracked 
|  41|0x0000000709600000, 0x0000000709600000, 0x0000000709800000|  0%| F|  |TAMS 0x0000000709600000, 0x0000000709600000| Untracked 
|  42|0x0000000709800000, 0x0000000709800000, 0x0000000709a00000|  0%| F|  |TAMS 0x0000000709800000, 0x0000000709800000| Untracked 
|  43|0x0000000709a00000, 0x0000000709a00000, 0x0000000709c00000|  0%| F|  |TAMS 0x0000000709a00000, 0x0000000709a00000| Untracked 
|  44|0x0000000709c00000, 0x0000000709c00000, 0x0000000709e00000|  0%| F|  |TAMS 0x0000000709c00000, 0x0000000709c00000| Untracked 
|  45|0x0000000709e00000, 0x0000000709e00000, 0x000000070a000000|  0%| F|  |TAMS 0x0000000709e00000, 0x0000000709e00000| Untracked 
|  46|0x000000070a000000, 0x000000070a000000, 0x000000070a200000|  0%| F|  |TAMS 0x000000070a000000, 0x000000070a000000| Untracked 
|  47|0x000000070a200000, 0x000000070a200000, 0x000000070a400000|  0%| F|  |TAMS 0x000000070a200000, 0x000000070a200000| Untracked 
|  48|0x000000070a400000, 0x000000070a400000, 0x000000070a600000|  0%| F|  |TAMS 0x000000070a400000, 0x000000070a400000| Untracked 
|  49|0x000000070a600000, 0x000000070a600000, 0x000000070a800000|  0%| F|  |TAMS 0x000000070a600000, 0x000000070a600000| Untracked 
|  50|0x000000070a800000, 0x000000070a800000, 0x000000070aa00000|  0%| F|  |TAMS 0x000000070a800000, 0x000000070a800000| Untracked 
|  51|0x000000070aa00000, 0x000000070aa00000, 0x000000070ac00000|  0%| F|  |TAMS 0x000000070aa00000, 0x000000070aa00000| Untracked 
|  52|0x000000070ac00000, 0x000000070ac00000, 0x000000070ae00000|  0%| F|  |TAMS 0x000000070ac00000, 0x000000070ac00000| Untracked 
|  53|0x000000070ae00000, 0x000000070ae00000, 0x000000070b000000|  0%| F|  |TAMS 0x000000070ae00000, 0x000000070ae00000| Untracked 
|  54|0x000000070b000000, 0x000000070b000000, 0x000000070b200000|  0%| F|  |TAMS 0x000000070b000000, 0x000000070b000000| Untracked 
|  55|0x000000070b200000, 0x000000070b200000, 0x000000070b400000|  0%| F|  |TAMS 0x000000070b200000, 0x000000070b200000| Untracked 
|  56|0x000000070b400000, 0x000000070b400000, 0x000000070b600000|  0%| F|  |TAMS 0x000000070b400000, 0x000000070b400000| Untracked 
|  57|0x000000070b600000, 0x000000070b600000, 0x000000070b800000|  0%| F|  |TAMS 0x000000070b600000, 0x000000070b600000| Untracked 
|  58|0x000000070b800000, 0x000000070b800000, 0x000000070ba00000|  0%| F|  |TAMS 0x000000070b800000, 0x000000070b800000| Untracked 
|  59|0x000000070ba00000, 0x000000070ba00000, 0x000000070bc00000|  0%| F|  |TAMS 0x000000070ba00000, 0x000000070ba00000| Untracked 
|  60|0x000000070bc00000, 0x000000070bc00000, 0x000000070be00000|  0%| F|  |TAMS 0x000000070bc00000, 0x000000070bc00000| Untracked 
|  61|0x000000070be00000, 0x000000070be00000, 0x000000070c000000|  0%| F|  |TAMS 0x000000070be00000, 0x000000070be00000| Untracked 
|  62|0x000000070c000000, 0x000000070c000000, 0x000000070c200000|  0%| F|  |TAMS 0x000000070c000000, 0x000000070c000000| Untracked 
|  63|0x000000070c200000, 0x000000070c200000, 0x000000070c400000|  0%| F|  |TAMS 0x000000070c200000, 0x000000070c200000| Untracked 
|  64|0x000000070c400000, 0x000000070c400000, 0x000000070c600000|  0%| F|  |TAMS 0x000000070c400000, 0x000000070c400000| Untracked 
|  65|0x000000070c600000, 0x000000070c600000, 0x000000070c800000|  0%| F|  |TAMS 0x000000070c600000, 0x000000070c600000| Untracked 
|  66|0x000000070c800000, 0x000000070c800000, 0x000000070ca00000|  0%| F|  |TAMS 0x000000070c800000, 0x000000070c800000| Untracked 
|  67|0x000000070ca00000, 0x000000070ca00000, 0x000000070cc00000|  0%| F|  |TAMS 0x000000070ca00000, 0x000000070ca00000| Untracked 
|  68|0x000000070cc00000, 0x000000070cc00000, 0x000000070ce00000|  0%| F|  |TAMS 0x000000070cc00000, 0x000000070cc00000| Untracked 
|  69|0x000000070ce00000, 0x000000070ce00000, 0x000000070d000000|  0%| F|  |TAMS 0x000000070ce00000, 0x000000070ce00000| Untracked 
|  70|0x000000070d000000, 0x000000070d000000, 0x000000070d200000|  0%| F|  |TAMS 0x000000070d000000, 0x000000070d000000| Untracked 
|  71|0x000000070d200000, 0x000000070d200000, 0x000000070d400000|  0%| F|  |TAMS 0x000000070d200000, 0x000000070d200000| Untracked 
|  72|0x000000070d400000, 0x000000070d400000, 0x000000070d600000|  0%| F|  |TAMS 0x000000070d400000, 0x000000070d400000| Untracked 
|  73|0x000000070d600000, 0x000000070d600000, 0x000000070d800000|  0%| F|  |TAMS 0x000000070d600000, 0x000000070d600000| Untracked 
|  74|0x000000070d800000, 0x000000070d800000, 0x000000070da00000|  0%| F|  |TAMS 0x000000070d800000, 0x000000070d800000| Untracked 
|  75|0x000000070da00000, 0x000000070da00000, 0x000000070dc00000|  0%| F|  |TAMS 0x000000070da00000, 0x000000070da00000| Untracked 
|  76|0x000000070dc00000, 0x000000070dc00000, 0x000000070de00000|  0%| F|  |TAMS 0x000000070dc00000, 0x000000070dc00000| Untracked 
|  77|0x000000070de00000, 0x000000070de00000, 0x000000070e000000|  0%| F|  |TAMS 0x000000070de00000, 0x000000070de00000| Untracked 
|  78|0x000000070e000000, 0x000000070e000000, 0x000000070e200000|  0%| F|  |TAMS 0x000000070e000000, 0x000000070e000000| Untracked 
|  79|0x000000070e200000, 0x000000070e200000, 0x000000070e400000|  0%| F|  |TAMS 0x000000070e200000, 0x000000070e200000| Untracked 
|  80|0x000000070e400000, 0x000000070e400000, 0x000000070e600000|  0%| F|  |TAMS 0x000000070e400000, 0x000000070e400000| Untracked 
|  81|0x000000070e600000, 0x000000070e600000, 0x000000070e800000|  0%| F|  |TAMS 0x000000070e600000, 0x000000070e600000| Untracked 
|  82|0x000000070e800000, 0x000000070e800000, 0x000000070ea00000|  0%| F|  |TAMS 0x000000070e800000, 0x000000070e800000| Untracked 
|  83|0x000000070ea00000, 0x000000070ea00000, 0x000000070ec00000|  0%| F|  |TAMS 0x000000070ea00000, 0x000000070ea00000| Untracked 
|  84|0x000000070ec00000, 0x000000070ec00000, 0x000000070ee00000|  0%| F|  |TAMS 0x000000070ec00000, 0x000000070ec00000| Untracked 
|  85|0x000000070ee00000, 0x000000070ee00000, 0x000000070f000000|  0%| F|  |TAMS 0x000000070ee00000, 0x000000070ee00000| Untracked 
|  86|0x000000070f000000, 0x000000070f000000, 0x000000070f200000|  0%| F|  |TAMS 0x000000070f000000, 0x000000070f000000| Untracked 
|  87|0x000000070f200000, 0x000000070f200000, 0x000000070f400000|  0%| F|  |TAMS 0x000000070f200000, 0x000000070f200000| Untracked 
|  88|0x000000070f400000, 0x000000070f400000, 0x000000070f600000|  0%| F|  |TAMS 0x000000070f400000, 0x000000070f400000| Untracked 
|  89|0x000000070f600000, 0x000000070f600000, 0x000000070f800000|  0%| F|  |TAMS 0x000000070f600000, 0x000000070f600000| Untracked 
|  90|0x000000070f800000, 0x000000070f800000, 0x000000070fa00000|  0%| F|  |TAMS 0x000000070f800000, 0x000000070f800000| Untracked 
|  91|0x000000070fa00000, 0x000000070fa00000, 0x000000070fc00000|  0%| F|  |TAMS 0x000000070fa00000, 0x000000070fa00000| Untracked 
|  92|0x000000070fc00000, 0x000000070fc00000, 0x000000070fe00000|  0%| F|  |TAMS 0x000000070fc00000, 0x000000070fc00000| Untracked 
|  93|0x000000070fe00000, 0x000000070fe00000, 0x0000000710000000|  0%| F|  |TAMS 0x000000070fe00000, 0x000000070fe00000| Untracked 
|  94|0x0000000710000000, 0x0000000710000000, 0x0000000710200000|  0%| F|  |TAMS 0x0000000710000000, 0x0000000710000000| Untracked 
|  95|0x0000000710200000, 0x0000000710200000, 0x0000000710400000|  0%| F|  |TAMS 0x0000000710200000, 0x0000000710200000| Untracked 
|  96|0x0000000710400000, 0x0000000710400000, 0x0000000710600000|  0%| F|  |TAMS 0x0000000710400000, 0x0000000710400000| Untracked 
|  97|0x0000000710600000, 0x0000000710600000, 0x0000000710800000|  0%| F|  |TAMS 0x0000000710600000, 0x0000000710600000| Untracked 
|  98|0x0000000710800000, 0x0000000710800000, 0x0000000710a00000|  0%| F|  |TAMS 0x0000000710800000, 0x0000000710800000| Untracked 
|  99|0x0000000710a00000, 0x0000000710a00000, 0x0000000710c00000|  0%| F|  |TAMS 0x0000000710a00000, 0x0000000710a00000| Untracked 
| 100|0x0000000710c00000, 0x0000000710c00000, 0x0000000710e00000|  0%| F|  |TAMS 0x0000000710c00000, 0x0000000710c00000| Untracked 
| 101|0x0000000710e00000, 0x0000000710e00000, 0x0000000711000000|  0%| F|  |TAMS 0x0000000710e00000, 0x0000000710e00000| Untracked 
| 102|0x0000000711000000, 0x0000000711000000, 0x0000000711200000|  0%| F|  |TAMS 0x0000000711000000, 0x0000000711000000| Untracked 
| 103|0x0000000711200000, 0x0000000711200000, 0x0000000711400000|  0%| F|  |TAMS 0x0000000711200000, 0x0000000711200000| Untracked 
| 104|0x0000000711400000, 0x0000000711400000, 0x0000000711600000|  0%| F|  |TAMS 0x0000000711400000, 0x0000000711400000| Untracked 
| 105|0x0000000711600000, 0x0000000711600000, 0x0000000711800000|  0%| F|  |TAMS 0x0000000711600000, 0x0000000711600000| Untracked 
| 106|0x0000000711800000, 0x0000000711800000, 0x0000000711a00000|  0%| F|  |TAMS 0x0000000711800000, 0x0000000711800000| Untracked 
| 107|0x0000000711a00000, 0x0000000711a00000, 0x0000000711c00000|  0%| F|  |TAMS 0x0000000711a00000, 0x0000000711a00000| Untracked 
| 108|0x0000000711c00000, 0x0000000711c00000, 0x0000000711e00000|  0%| F|  |TAMS 0x0000000711c00000, 0x0000000711c00000| Untracked 
| 109|0x0000000711e00000, 0x0000000711e00000, 0x0000000712000000|  0%| F|  |TAMS 0x0000000711e00000, 0x0000000711e00000| Untracked 
| 110|0x0000000712000000, 0x0000000712000000, 0x0000000712200000|  0%| F|  |TAMS 0x0000000712000000, 0x0000000712000000| Untracked 
| 111|0x0000000712200000, 0x0000000712200000, 0x0000000712400000|  0%| F|  |TAMS 0x0000000712200000, 0x0000000712200000| Untracked 
| 112|0x0000000712400000, 0x0000000712400000, 0x0000000712600000|  0%| F|  |TAMS 0x0000000712400000, 0x0000000712400000| Untracked 
| 113|0x0000000712600000, 0x0000000712800000, 0x0000000712800000|100%| S|CS|TAMS 0x0000000712600000, 0x0000000712600000| Complete 
| 114|0x0000000712800000, 0x0000000712a00000, 0x0000000712a00000|100%| S|CS|TAMS 0x0000000712800000, 0x0000000712800000| Complete 
| 115|0x0000000712a00000, 0x0000000712a00000, 0x0000000712c00000|  0%| F|  |TAMS 0x0000000712a00000, 0x0000000712a00000| Untracked 
| 116|0x0000000712c00000, 0x0000000712c00000, 0x0000000712e00000|  0%| F|  |TAMS 0x0000000712c00000, 0x0000000712c00000| Untracked 
| 117|0x0000000712e00000, 0x0000000712e00000, 0x0000000713000000|  0%| F|  |TAMS 0x0000000712e00000, 0x0000000712e00000| Untracked 
| 118|0x0000000713000000, 0x0000000713000000, 0x0000000713200000|  0%| F|  |TAMS 0x0000000713000000, 0x0000000713000000| Untracked 
| 119|0x0000000713200000, 0x0000000713200000, 0x0000000713400000|  0%| F|  |TAMS 0x0000000713200000, 0x0000000713200000| Untracked 
| 120|0x0000000713400000, 0x0000000713400000, 0x0000000713600000|  0%| F|  |TAMS 0x0000000713400000, 0x0000000713400000| Untracked 
| 121|0x0000000713600000, 0x0000000713600000, 0x0000000713800000|  0%| F|  |TAMS 0x0000000713600000, 0x0000000713600000| Untracked 
| 122|0x0000000713800000, 0x0000000713800000, 0x0000000713a00000|  0%| F|  |TAMS 0x0000000713800000, 0x0000000713800000| Untracked 
| 123|0x0000000713a00000, 0x0000000713ba0dc8, 0x0000000713c00000| 81%| E|  |TAMS 0x0000000713a00000, 0x0000000713a00000| Complete 
| 124|0x0000000713c00000, 0x0000000713e00000, 0x0000000713e00000|100%| E|CS|TAMS 0x0000000713c00000, 0x0000000713c00000| Complete 
| 125|0x0000000713e00000, 0x0000000714000000, 0x0000000714000000|100%| E|CS|TAMS 0x0000000713e00000, 0x0000000713e00000| Complete 

Card table byte_map: [0x0000026abbca0000,0x0000026abc480000] _byte_map_base: 0x0000026ab847e000

Marking Bits (Prev, Next): (CMBitMap*) 0x0000026aa2834980, (CMBitMap*) 0x0000026aa28349c0
 Prev Bits: [0x0000026abcc60000, 0x0000026ac0b50000)
 Next Bits: [0x0000026ac0b50000, 0x0000026ac4a40000)

Polling page: 0x0000026aa28c0000

Metaspace:

Usage:
  Non-class:      5.07 MB used.
      Class:    684.77 KB used.
       Both:      5.74 MB used.

Virtual space:
  Non-class space:        8.00 MB reserved,       5.19 MB ( 65%) committed,  1 nodes.
      Class space:        1.00 GB reserved,     768.00 KB ( <1%) committed,  1 nodes.
             Both:        1.01 GB reserved,       5.94 MB ( <1%) committed. 

Chunk freelists:
   Non-Class:  1.36 MB
       Class:  3.30 MB
        Both:  4.66 MB

MaxMetaspaceSize: unlimited
CompressedClassSpaceSize: 1.00 GB
Initial GC threshold: 21.00 MB
Current GC threshold: 21.00 MB
CDS: on
MetaspaceReclaimPolicy: balanced
 - commit_granule_bytes: 65536.
 - commit_granule_words: 8192.
 - virtual_space_node_default_size: 1048576.
 - enlarge_chunks_in_place: 1.
 - new_chunks_are_fully_committed: 0.
 - uncommit_free_chunks: 1.
 - use_allocation_guard: 0.
 - handle_deallocations: 1.


Internal statistics:

num_allocs_failed_limit: 0.
num_arena_births: 26.
num_arena_deaths: 0.
num_vsnodes_births: 2.
num_vsnodes_deaths: 0.
num_space_committed: 95.
num_space_uncommitted: 0.
num_chunks_returned_to_freelist: 0.
num_chunks_taken_from_freelist: 161.
num_chunk_merges: 0.
num_chunk_splits: 118.
num_chunks_enlarged: 99.
num_purges: 0.
num_inconsistent_stats: 0.

CodeHeap 'non-profiled nmethods': size=120000Kb used=393Kb max_used=393Kb free=119606Kb
 bounds [0x0000026ab3300000, 0x0000026ab3570000, 0x0000026aba830000]
CodeHeap 'profiled nmethods': size=120000Kb used=2286Kb max_used=2286Kb free=117713Kb
 bounds [0x0000026aabdd0000, 0x0000026aac040000, 0x0000026ab3300000]
CodeHeap 'non-nmethods': size=5760Kb used=1171Kb max_used=1208Kb free=4588Kb
 bounds [0x0000026aab830000, 0x0000026aabaa0000, 0x0000026aabdd0000]
 total_blobs=1581 nmethods=1129 adapters=365
 compilation: enabled
              stopped_count=0, restarted_count=0
 full_count=0

Compilation events (20 events):
Event: 0.793 Thread 0x0000026ac778d730 1118       3       org.eclipse.sisu.plexus.PlexusXmlScanner::TEXT (10 bytes)
Event: 0.794 Thread 0x0000026ac778d730 nmethod 1118 0x0000026aabffd590 code [0x0000026aabffd780, 0x0000026aabffdb28]
Event: 0.794 Thread 0x0000026ac778d730 1119       3       org.codehaus.plexus.util.xml.pull.MXParser::nextText (103 bytes)
Event: 0.794 Thread 0x0000026ac83df810 nmethod 1114 0x0000026ab3360f10 code [0x0000026ab3361080, 0x0000026ab3361398]
Event: 0.794 Thread 0x0000026ac83df810 1100       4       java.nio.Buffer::<init> (105 bytes)
Event: 0.794 Thread 0x0000026ac778d730 nmethod 1119 0x0000026aabffdd10 code [0x0000026aabffdfe0, 0x0000026aabffebc8]
Event: 0.795 Thread 0x0000026ac778d730 1120       3       java.lang.StringBuilder::charAt (6 bytes)
Event: 0.795 Thread 0x0000026ac778d730 nmethod 1120 0x0000026aabfff010 code [0x0000026aabfff1a0, 0x0000026aabfff2e8]
Event: 0.795 Thread 0x0000026ac778d730 1122   !   3       sun.nio.cs.StreamDecoder::read (196 bytes)
Event: 0.796 Thread 0x0000026ac778d730 nmethod 1122 0x0000026aabfff390 code [0x0000026aabfff600, 0x0000026aac000208]
Event: 0.796 Thread 0x0000026ac778d730 1121       3       java.lang.AbstractStringBuilder::charAt (36 bytes)
Event: 0.796 Thread 0x0000026ac778d730 nmethod 1121 0x0000026aac000710 code [0x0000026aac000900, 0x0000026aac000d58]
Event: 0.797 Thread 0x0000026ac83df810 nmethod 1100 0x0000026ab3361490 code [0x0000026ab3361620, 0x0000026ab3361978]
Event: 0.797 Thread 0x0000026ac83df810 1123       4       sun.nio.cs.StreamDecoder::ensureOpen (18 bytes)
Event: 0.797 Thread 0x0000026ac83df810 nmethod 1123 0x0000026ab3361c90 code [0x0000026ab3361e00, 0x0000026ab3361e98]
Event: 0.797 Thread 0x0000026ac83df810 1125       4       java.nio.CharBuffer::limit (6 bytes)
Event: 0.798 Thread 0x0000026ac83df810 nmethod 1125 0x0000026ab3361f90 code [0x0000026ab3362100, 0x0000026ab33621f8]
Event: 0.798 Thread 0x0000026ac83df810 1128   !   4       sun.nio.cs.StreamDecoder::read (196 bytes)
Event: 0.805 Thread 0x0000026ac778d730 1129       1       org.codehaus.plexus.util.xml.pull.MXParser::getDepth (5 bytes)
Event: 0.805 Thread 0x0000026ac778d730 nmethod 1129 0x0000026ab3362310 code [0x0000026ab33624a0, 0x0000026ab3362578]

GC Heap History (2 events):
Event: 0.800 GC heap before
{Heap before GC invocations=0 (full 0):
 garbage-first heap   total 258048K, used 22528K [0x0000000704400000, 0x0000000800000000)
  region size 2048K, 11 young (22528K), 0 survivors (0K)
 Metaspace       used 5715K, committed 5888K, reserved 1056768K
  class space    used 654K, committed 704K, reserved 1048576K
}
Event: 0.802 GC heap after
{Heap after GC invocations=1 (full 0):
 garbage-first heap   total 258048K, used 4109K [0x0000000704400000, 0x0000000800000000)
  region size 2048K, 2 young (4096K), 2 survivors (4096K)
 Metaspace       used 5715K, committed 5888K, reserved 1056768K
  class space    used 654K, committed 704K, reserved 1048576K
}

Deoptimization events (20 events):
Event: 0.715 Thread 0x0000026aa27e6010 DEOPT PACKING pc=0x0000026ab333e790 sp=0x0000008a830fd2f0
Event: 0.715 Thread 0x0000026aa27e6010 DEOPT UNPACKING pc=0x0000026aab885c23 sp=0x0000008a830fd248 mode 2
Event: 0.736 Thread 0x0000026aa27e6010 Uncommon trap: trap_request=0xffffff45 fr.pc=0x0000026ab332962c relative=0x000000000000018c
Event: 0.736 Thread 0x0000026aa27e6010 Uncommon trap: reason=unstable_if action=reinterpret pc=0x0000026ab332962c method=java.lang.invoke.VarHandle.checkExactAccessMode(Ljava/lang/invoke/VarHandle$AccessDescriptor;)V @ 4 c2
Event: 0.736 Thread 0x0000026aa27e6010 DEOPT PACKING pc=0x0000026ab332962c sp=0x0000008a830fca70
Event: 0.736 Thread 0x0000026aa27e6010 DEOPT UNPACKING pc=0x0000026aab885c23 sp=0x0000008a830fca50 mode 2
Event: 0.765 Thread 0x0000026aa27e6010 Uncommon trap: trap_request=0xffffff45 fr.pc=0x0000026ab33332b0 relative=0x00000000000000b0
Event: 0.765 Thread 0x0000026aa27e6010 Uncommon trap: reason=unstable_if action=reinterpret pc=0x0000026ab33332b0 method=org.codehaus.plexus.util.xml.pull.MXParser.more()C @ 8 c2
Event: 0.765 Thread 0x0000026aa27e6010 DEOPT PACKING pc=0x0000026ab33332b0 sp=0x0000008a830fd7e0
Event: 0.765 Thread 0x0000026aa27e6010 DEOPT UNPACKING pc=0x0000026aab885c23 sp=0x0000008a830fd770 mode 2
Event: 0.768 Thread 0x0000026aa27e6010 DEOPT PACKING pc=0x0000026aabe50b29 sp=0x0000008a830fce70
Event: 0.768 Thread 0x0000026aa27e6010 DEOPT UNPACKING pc=0x0000026aab886763 sp=0x0000008a830fc298 mode 0
Event: 0.776 Thread 0x0000026aa27e6010 Uncommon trap: trap_request=0xffffffc6 fr.pc=0x0000026ab33554b8 relative=0x00000000000016f8
Event: 0.776 Thread 0x0000026aa27e6010 Uncommon trap: reason=bimorphic_or_optimized_type_check action=maybe_recompile pc=0x0000026ab33554b8 method=java.util.HashMap.putVal(ILjava/lang/Object;Ljava/lang/Object;ZZ)Ljava/lang/Object; @ 91 c2
Event: 0.777 Thread 0x0000026aa27e6010 DEOPT PACKING pc=0x0000026ab33554b8 sp=0x0000008a830fd860
Event: 0.777 Thread 0x0000026aa27e6010 DEOPT UNPACKING pc=0x0000026aab885c23 sp=0x0000008a830fd7b8 mode 2
Event: 0.791 Thread 0x0000026aa27e6010 Uncommon trap: trap_request=0xffffff45 fr.pc=0x0000026ab335a370 relative=0x00000000000017d0
Event: 0.791 Thread 0x0000026aa27e6010 Uncommon trap: reason=unstable_if action=reinterpret pc=0x0000026ab335a370 method=sun.nio.cs.StreamDecoder.implRead([CII)I @ 71 c2
Event: 0.791 Thread 0x0000026aa27e6010 DEOPT PACKING pc=0x0000026ab335a370 sp=0x0000008a830fd190
Event: 0.791 Thread 0x0000026aa27e6010 DEOPT UNPACKING pc=0x0000026aab885c23 sp=0x0000008a830fcfb8 mode 2

Classes unloaded (0 events):
No events

Classes redefined (0 events):
No events

Internal exceptions (5 events):
Event: 0.197 Thread 0x0000026ac818fe40 Exception <a 'java/lang/NoSuchMethodError'{0x0000000713c75af0}: 'java.lang.Object java.lang.invoke.DirectMethodHandle$Holder.invokeStaticInit(java.lang.Object)'> (0x0000000713c75af0) 
thrown [t:\workspace\open\src\hotspot\share\interpreter\linkResolver.cpp, line 766]
Event: 0.200 Thread 0x0000026ac818fe40 Exception <a 'java/lang/NoSuchMethodError'{0x0000000713c83b20}: 'void java.lang.invoke.DirectMethodHandle$Holder.invokeStatic(java.lang.Object, java.lang.Object)'> (0x0000000713c83b20) 
thrown [t:\workspace\open\src\hotspot\share\interpreter\linkResolver.cpp, line 766]
Event: 0.387 Thread 0x0000026aa27e6010 Exception <a 'java/lang/NoSuchMethodError'{0x0000000713bc9610}: 'java.lang.Object java.lang.invoke.DirectMethodHandle$Holder.invokeStaticInit(java.lang.Object, int, int, int, int)'> (0x0000000713bc9610) 
thrown [t:\workspace\open\src\hotspot\share\interpreter\linkResolver.cpp, line 766]
Event: 0.429 Thread 0x0000026aa27e6010 Exception <a 'java/lang/NoSuchMethodError'{0x00000007138b4208}: 'java.lang.Object java.lang.invoke.DirectMethodHandle$Holder.invokeStaticInit(java.lang.Object, java.lang.Object, int, int, int, int)'> (0x00000007138b4208) 
thrown [t:\workspace\open\src\hotspot\share\interpreter\linkResolver.cpp, line 766]
Event: 0.732 Thread 0x0000026aa27e6010 Exception <a 'java/lang/NoSuchMethodError'{0x0000000712f67750}: 'java.lang.Object java.lang.invoke.DirectMethodHandle$Holder.newInvokeSpecial(java.lang.Object, java.lang.Object, java.lang.Object, java.lang.Object, java.lang.Object)'> (0x0000000712f67750) 
thrown [t:\workspace\open\src\hotspot\share\interpreter\linkResolver.cpp, line 766]

VM Operations (14 events):
Event: 0.114 Executing VM operation: HandshakeAllThreads
Event: 0.114 Executing VM operation: HandshakeAllThreads done
Event: 0.196 Executing VM operation: HandshakeAllThreads
Event: 0.196 Executing VM operation: HandshakeAllThreads done
Event: 0.359 Executing VM operation: HandshakeAllThreads
Event: 0.359 Executing VM operation: HandshakeAllThreads done
Event: 0.434 Executing VM operation: HandshakeAllThreads
Event: 0.434 Executing VM operation: HandshakeAllThreads done
Event: 0.514 Executing VM operation: HandshakeAllThreads
Event: 0.514 Executing VM operation: HandshakeAllThreads done
Event: 0.741 Executing VM operation: ICBufferFull
Event: 0.741 Executing VM operation: ICBufferFull done
Event: 0.799 Executing VM operation: G1CollectForAllocation
Event: 0.802 Executing VM operation: G1CollectForAllocation done

Events (20 events):
Event: 0.754 loading class sun/reflect/generics/repository/AbstractRepository done
Event: 0.754 loading class sun/reflect/generics/repository/GenericDeclRepository done
Event: 0.754 loading class sun/reflect/generics/repository/ClassRepository done
Event: 0.754 loading class sun/reflect/generics/tree/FormalTypeParameter
Event: 0.754 loading class sun/reflect/generics/tree/FormalTypeParameter done
Event: 0.754 loading class sun/reflect/generics/tree/ClassSignature
Event: 0.754 loading class sun/reflect/generics/tree/Signature
Event: 0.754 loading class sun/reflect/generics/tree/Signature done
Event: 0.754 loading class sun/reflect/generics/tree/ClassSignature done
Event: 0.754 loading class java/lang/reflect/TypeVariable
Event: 0.754 loading class java/lang/reflect/TypeVariable done
Event: 0.754 loading class java/lang/reflect/WildcardType
Event: 0.754 loading class java/lang/reflect/WildcardType done
Event: 0.756 loading class sun/reflect/generics/tree/TypeVariableSignature
Event: 0.756 loading class sun/reflect/generics/tree/TypeVariableSignature done
Event: 0.762 loading class java/lang/annotation/IncompleteAnnotationException
Event: 0.762 loading class java/lang/annotation/IncompleteAnnotationException done
Event: 0.783 loading class jdk/internal/access/foreign/MemorySegmentProxy
Event: 0.783 loading class jdk/internal/access/foreign/MemorySegmentProxy done
Event: 0.786 Thread 0x0000026ac8bafab0 Thread added: 0x0000026ac8bafab0


Dynamic libraries:
0x00007ff7f7460000 - 0x00007ff7f7470000 	D:\application\java17\bin\java.exe
0x00007ffb3b9a0000 - 0x00007ffb3bba9000 	C:\WINDOWS\SYSTEM32\ntdll.dll
0x00007ffb3a100000 - 0x00007ffb3a1be000 	C:\WINDOWS\System32\KERNEL32.DLL
0x00007ffb394a0000 - 0x00007ffb3981b000 	C:\WINDOWS\System32\KERNELBASE.dll
0x00007ffb39220000 - 0x00007ffb39331000 	C:\WINDOWS\System32\ucrtbase.dll
0x00007ffb28040000 - 0x00007ffb28058000 	D:\application\java17\bin\jli.dll
0x00007ffb2f6f0000 - 0x00007ffb2f70a000 	D:\application\java17\bin\VCRUNTIME140.dll
0x00007ffb39f60000 - 0x00007ffb3a00e000 	C:\WINDOWS\System32\ADVAPI32.dll
0x00007ffb3ab70000 - 0x00007ffb3ac13000 	C:\WINDOWS\System32\msvcrt.dll
0x00007ffb3a3b0000 - 0x00007ffb3a44e000 	C:\WINDOWS\System32\sechost.dll
0x00007ffb3aa50000 - 0x00007ffb3ab70000 	C:\WINDOWS\System32\RPCRT4.dll
0x00007ffb3a460000 - 0x00007ffb3a60d000 	C:\WINDOWS\System32\USER32.dll
0x00007ffb258e0000 - 0x00007ffb25b85000 	C:\WINDOWS\WinSxS\amd64_microsoft.windows.common-controls_6595b64144ccf1df_6.0.22000.120_none_9d947278b86cc467\COMCTL32.dll
0x00007ffb38ef0000 - 0x00007ffb38f16000 	C:\WINDOWS\System32\win32u.dll
0x00007ffb3b0c0000 - 0x00007ffb3b0e9000 	C:\WINDOWS\System32\GDI32.dll
0x00007ffb39100000 - 0x00007ffb39218000 	C:\WINDOWS\System32\gdi32full.dll
0x00007ffb39400000 - 0x00007ffb3949d000 	C:\WINDOWS\System32\msvcp_win.dll
0x00007ffb35240000 - 0x00007ffb3524a000 	C:\WINDOWS\SYSTEM32\VERSION.dll
0x00007ffb3b0f0000 - 0x00007ffb3b122000 	C:\WINDOWS\System32\IMM32.DLL
0x00007ffb32df0000 - 0x00007ffb32dfc000 	D:\application\java17\bin\vcruntime140_1.dll
0x00007ffb22ed0000 - 0x00007ffb22f5d000 	D:\application\java17\bin\msvcp140.dll
0x00007ffaf0550000 - 0x00007ffaf1111000 	D:\application\java17\bin\server\jvm.dll
0x00007ffb3a450000 - 0x00007ffb3a458000 	C:\WINDOWS\System32\PSAPI.DLL
0x00007ffb28170000 - 0x00007ffb281a3000 	C:\WINDOWS\SYSTEM32\WINMM.dll
0x00007ffb22150000 - 0x00007ffb22159000 	C:\WINDOWS\SYSTEM32\WSOCK32.dll
0x00007ffb3b8f0000 - 0x00007ffb3b95f000 	C:\WINDOWS\System32\WS2_32.dll
0x00007ffb37fe0000 - 0x00007ffb37ff8000 	C:\WINDOWS\SYSTEM32\kernel.appcore.dll
0x00007ffb31f40000 - 0x00007ffb31f4a000 	D:\application\java17\bin\jimage.dll
0x00007ffb34c20000 - 0x00007ffb34e41000 	C:\WINDOWS\SYSTEM32\DBGHELP.DLL
0x00007ffb23c40000 - 0x00007ffb23c71000 	C:\WINDOWS\SYSTEM32\dbgcore.DLL
0x00007ffb38e70000 - 0x00007ffb38eef000 	C:\WINDOWS\System32\bcryptPrimitives.dll
0x00007ffb339d0000 - 0x00007ffb339de000 	D:\application\java17\bin\instrument.dll
0x00007ffb27d50000 - 0x00007ffb27d75000 	D:\application\java17\bin\java.dll
0x00007ffb00b60000 - 0x00007ffb00c36000 	D:\application\java17\bin\jsvml.dll
0x00007ffb3b130000 - 0x00007ffb3b8e7000 	C:\WINDOWS\System32\SHELL32.dll
0x00007ffb36f60000 - 0x00007ffb377c5000 	C:\WINDOWS\SYSTEM32\windows.storage.dll
0x00007ffb3a6d0000 - 0x00007ffb3aa48000 	C:\WINDOWS\System32\combase.dll
0x00007ffb36df0000 - 0x00007ffb36f56000 	C:\WINDOWS\SYSTEM32\wintypes.dll
0x00007ffb3ad50000 - 0x00007ffb3ae3a000 	C:\WINDOWS\System32\SHCORE.dll
0x00007ffb3aec0000 - 0x00007ffb3af1d000 	C:\WINDOWS\System32\shlwapi.dll
0x00007ffb38da0000 - 0x00007ffb38dc1000 	C:\WINDOWS\SYSTEM32\profapi.dll
0x00007ffb27520000 - 0x00007ffb27538000 	D:\application\java17\bin\zip.dll
0x00007ffb28020000 - 0x00007ffb28039000 	D:\application\java17\bin\net.dll
0x00007ffb31020000 - 0x00007ffb31134000 	C:\WINDOWS\SYSTEM32\WINHTTP.dll
0x00007ffb38480000 - 0x00007ffb384e7000 	C:\WINDOWS\system32\mswsock.dll
0x00007ffb27640000 - 0x00007ffb27656000 	D:\application\java17\bin\nio.dll
0x00007ffb33980000 - 0x00007ffb3399a000 	D:\application\IntelliJ IDEA Community Edition 2021.2.3\bin\breakgen64.dll
0x00007ffb2ff50000 - 0x00007ffb2ff60000 	D:\application\java17\bin\verify.dll
0x00007ffb386d0000 - 0x00007ffb386e8000 	C:\WINDOWS\SYSTEM32\CRYPTSP.dll
0x00007ffb37f40000 - 0x00007ffb37f75000 	C:\WINDOWS\system32\rsaenh.dll
0x00007ffb38570000 - 0x00007ffb38599000 	C:\WINDOWS\SYSTEM32\USERENV.dll
0x00007ffb38850000 - 0x00007ffb38877000 	C:\WINDOWS\SYSTEM32\bcrypt.dll
0x00007ffb386c0000 - 0x00007ffb386cc000 	C:\WINDOWS\SYSTEM32\CRYPTBASE.dll
0x00007ffb37b10000 - 0x00007ffb37b3d000 	C:\WINDOWS\SYSTEM32\IPHLPAPI.DLL
0x00007ffb3ad40000 - 0x00007ffb3ad49000 	C:\WINDOWS\System32\NSI.dll
0x00007ffb30fa0000 - 0x00007ffb30fb9000 	C:\WINDOWS\SYSTEM32\dhcpcsvc6.DLL
0x00007ffb31b00000 - 0x00007ffb31b1e000 	C:\WINDOWS\SYSTEM32\dhcpcsvc.DLL
0x00007ffb37b40000 - 0x00007ffb37c28000 	C:\WINDOWS\SYSTEM32\DNSAPI.dll
0x00007ffb32e10000 - 0x00007ffb32e1a000 	C:\Users\JacksonSun\AppData\Local\Temp\jansi-1.17.1-5761787328490058046.dll
0x00007ffb31f30000 - 0x00007ffb31f3a000 	C:\Users\JacksonSun\AppData\Local\Temp\jansi-1.17.1-1949585475896342764.dll

dbghelp: loaded successfully - version: 4.0.5 - missing functions: none
symbol engine: initialized successfully - sym options: 0x614 - pdb path: .;D:\application\java17\bin;C:\WINDOWS\SYSTEM32;C:\WINDOWS\WinSxS\amd64_microsoft.windows.common-controls_6595b64144ccf1df_6.0.22000.120_none_9d947278b86cc467;D:\application\java17\bin\server;D:\application\IntelliJ IDEA Community Edition 2021.2.3\bin;C:\Users\JacksonSun\AppData\Local\Temp

VM Arguments:
jvm_args: -Dmaven.multiModuleProjectDirectory=D:\a-dk-sever\tiklab-postin\tiklab-postin-server -Dmaven.home=D:\application\IntelliJ IDEA Community Edition 2021.2.3\plugins\maven\lib\maven3 -Dclassworlds.conf=D:\application\IntelliJ IDEA Community Edition 2021.2.3\plugins\maven\lib\maven3\bin\m2.conf -Dmaven.ext.class.path=D:\application\IntelliJ IDEA Community Edition 2021.2.3\plugins\maven\lib\maven-event-listener.jar -javaagent:D:\application\IntelliJ IDEA Community Edition 2021.2.3\lib\idea_rt.jar=50700:D:\application\IntelliJ IDEA Community Edition 2021.2.3\bin -Dfile.encoding=UTF-8 
java_command: org.codehaus.classworlds.Launcher -Didea.version=2021.2.3 --update-snapshots clean
java_class_path (initial): D:\application\IntelliJ IDEA Community Edition 2021.2.3\plugins\maven\lib\maven3\boot\plexus-classworlds-2.6.0.jar;D:\application\IntelliJ IDEA Community Edition 2021.2.3\plugins\maven\lib\maven3\boot\plexus-classworlds.license
Launcher Type: SUN_STANDARD

[Global flags]
     intx CICompilerCount                          = 4                                         {product} {ergonomic}
     uint ConcGCThreads                            = 3                                         {product} {ergonomic}
     uint G1ConcRefinementThreads                  = 10                                        {product} {ergonomic}
   size_t G1HeapRegionSize                         = 2097152                                   {product} {ergonomic}
    uintx GCDrainStackTargetSize                   = 64                                        {product} {ergonomic}
   size_t InitialHeapSize                          = 264241152                                 {product} {ergonomic}
   size_t MarkStackSize                            = 4194304                                   {product} {ergonomic}
   size_t MaxHeapSize                              = 4223664128                                {product} {ergonomic}
   size_t MaxNewSize                               = 2533359616                                {product} {ergonomic}
   size_t MinHeapDeltaBytes                        = 2097152                                   {product} {ergonomic}
   size_t MinHeapSize                              = 8388608                                   {product} {ergonomic}
    uintx NonNMethodCodeHeapSize                   = 5839372                                {pd product} {ergonomic}
    uintx NonProfiledCodeHeapSize                  = 122909434                              {pd product} {ergonomic}
    uintx ProfiledCodeHeapSize                     = 122909434                              {pd product} {ergonomic}
    uintx ReservedCodeCacheSize                    = 251658240                              {pd product} {ergonomic}
     bool SegmentedCodeCache                       = true                                      {product} {ergonomic}
   size_t SoftMaxHeapSize                          = 4223664128                             {manageable} {ergonomic}
     bool UseCompressedClassPointers               = true                           {product lp64_product} {ergonomic}
     bool UseCompressedOops                        = true                           {product lp64_product} {ergonomic}
     bool UseG1GC                                  = true                                      {product} {ergonomic}
     bool UseLargePagesIndividualAllocation        = false                                  {pd product} {ergonomic}

Logging:
Log output configuration:
 #0: stdout all=warning uptime,level,tags
 #1: stderr all=off uptime,level,tags

Environment Variables:
JAVA_HOME=D:\application\java17
CLASSPATH=D:\application\java17\lib\dt.jar;D:\application\java17\lib\tools.jar;D:\application\apache-jmeter-5.4.3\lib\ext\ApacheJMeter_core.jar;D:\application\apache-jmeter-5.4.3\lib\jorphan.jar;D:\application\apache-jmeter-5.4.3\lib/logkit-2.0.jar; 
PATH=D:\application\java17\bin;D:\application\java17\jre\bin;C:\Program Files\Common Files\Oracle\Java\javapath;C:\Program Files (x86)\Common Files\Oracle\Java\javapath;C:\Windows\system32;C:\Windows;C:\Windows\System32\Wbem;C:\Windows\System32\WindowsPowerShell\v1.0\;C:\Windows\System32\OpenSSH\;D:\application\Git\cmd;D:\application\node\;C:\Users\JacksonSun\AppData\Local\Android\Sdk\platform-tools;C:\Users\JacksonSun\AppData\Local\Android\Sdk\emulator;C:\Users\JacksonSun\AppData\Local\Android\Sdk\tools;C:\Users\JacksonSun\AppData\Local\Android\Sdk\tools\bin;C:\Users\JacksonSun\AppData\Local\watchman;D:\application\webDriver;C:\Users\JacksonSun\AppData\Local\Microsoft\WindowsApps;D:\application\Microsoft VS Code\bin;C:\Users\JacksonSun\AppData\Roaming\npm;C:\Users\JacksonSun\AppData\Local\Android\Sdk\platform-tools;C:\Users\JacksonSun\AppData\Local\Android\Sdk\tools;D:\application\sdk\aapt-windows;C:\Users\JacksonSun\AppData\Local\Android\Sdk\build-tools\29.0.2;C:\WINDOWS\system32;C:\WINDOWS;C:\WINDOWS\System32\Wbem;C:\WINDOWS\System32\WindowsPowerShell\v1.0\;C:\WINDOWS\System32\OpenSSH\;D:\application\apache-maven-3.8.3\bin;%NGNIX_HOME%\nginx-1.20.2;D:\application\xshell\;D:\application\python\Scripts\;D:\application\win311;C:\Program Files\dotnet\;D:\application\python\;D:\application\WebStorm 2021.1.2\bin;C:\Users\JacksonSun\AppData\Local\GitHubDesktop\bin
USERNAME=JacksonSun
OS=Windows_NT
PROCESSOR_IDENTIFIER=Intel64 Family 6 Model 167 Stepping 1, GenuineIntel



---------------  S Y S T E M  ---------------

OS:
 Windows 11 , 64 bit Build 22000 (10.0.22000.1335)
OS uptime: 9 days 7:00 hours

CPU: total 12 (initial active 12) (6 cores per cpu, 2 threads per core) family 6 model 167 stepping 1 microcode 0x50, cx8, cmov, fxsr, ht, mmx, 3dnowpref, sse, sse2, sse3, ssse3, sse4.1, sse4.2, popcnt, lzcnt, tsc, tscinvbit, avx, avx2, aes, erms, clmul, bmi1, bmi2, adx, avx512f, avx512dq, avx512cd, avx512bw, avx512vl, sha, fma, vzeroupper, avx512_vpopcntdq, avx512_vpclmulqdq, avx512_vaes, avx512_vnni, clflush, clflushopt, avx512_vbmi2, avx512_vbmi

Memory: 4k page, system-wide physical 16105M (1255M free)
TotalPageFile size 44949M (AvailPageFile size 2M)
current process WorkingSet (physical memory assigned to process): 86M, peak: 86M
current process commit charge ("private bytes"): 365M, peak: 365M

vm_info: Java HotSpot(TM) 64-Bit Server VM (17.0.2+8-LTS-86) for windows-amd64 JRE (17.0.2+8-LTS-86), built on Dec  7 2021 21:51:03 by "mach5one" with MS VC++ 16.8 / 16.9 (VS2019)

END.
